{"numFailedTestSuites":7,"numFailedTests":1,"numPassedTestSuites":29,"numPassedTests":105,"numPendingTestSuites":0,"numPendingTests":0,"numRuntimeErrorTestSuites":6,"numTodoTests":0,"numTotalTestSuites":36,"numTotalTests":106,"openHandles":[],"snapshot":{"added":0,"didUpdate":false,"failure":false,"filesAdded":0,"filesRemoved":0,"filesRemovedList":[],"filesUnmatched":0,"filesUpdated":0,"matched":0,"total":0,"unchecked":0,"uncheckedKeysByFile":[],"unmatched":0,"updated":0},"startTime":1785930724285,"success":false,"testResults":[{"assertionResults":[{"ancestorTitles":["OrganizationListPage"],"duration":39,"failing":false,"failureDetails":[{"name":"TestingLibraryElementError"}],"failureMessages":["TestingLibraryElementError: Found multiple elements with the text: /organizations/i\n\nHere are the matching elements:\n\nIgnored nodes: comments, script, style\n\u001b[36m<h1\u001b[39m\n  \u001b[33mclass\u001b[39m=\u001b[32m\"m-0 text-[28px] font-extrabold leading-[1.2] text-[#0f172a] max-[760px]:text-[25px]\"\u001b[39m\n\u001b[36m>\u001b[39m\n  \u001b[0mOrganizations\u001b[0m\n\u001b[36m</h1>\u001b[39m\n\nIgnored nodes: comments, script, style\n\u001b[36m<p\u001b[39m\n  \u001b[33mclass\u001b[39m=\u001b[32m\"mt-2 text-[15px] leading-[1.4] text-[#6b7280]\"\u001b[39m\n\u001b[36m>\u001b[39m\n  \u001b[0mManage all organizations\u001b[0m\n\u001b[36m</p>\u001b[39m\n\nIgnored nodes: comments, script, style\n\u001b[36m<span\u001b[39m\n  \u001b[33mclass\u001b[39m=\u001b[32m\"text-sm font-bold text-[#6b7280]\"\u001b[39m\n\u001b[36m>\u001b[39m\n  \u001b[0mTotal Organizations\u001b[0m\n\u001b[36m</span>\u001b[39m\n\n(If this is intentional, then use the `*AllBy*` variant of the query (like `queryAllByText`, `getAllByText`, or `findAllByText`)).\n\nIgnored nodes: comments, script, style\n\u001b[36m<body>\u001b[39m\n  \u001b[36m<div>\u001b[39m\n    \u001b[36m<section\u001b[39m\n      \u001b[33mclass\u001b[39m=\u001b[32m\"grid gap-7\"\u001b[39m\n    \u001b[36m>\u001b[39m\n      \u001b[36m<header\u001b[39m\n        \u001b[33mclass\u001b[39m=\u001b[32m\"flex items-start justify-between gap-6 max-[760px]:grid\"\u001b[39m\n      \u001b[36m>\u001b[39m\n        \u001b[36m<div>\u001b[39m\n          \u001b[36m<h1\u001b[39m\n            \u001b[33mclass\u001b[39m=\u001b[32m\"m-0 text-[28px] font-extrabold leading-[1.2] text-[#0f172a] max-[760px]:text-[25px]\"\u001b[39m\n          \u001b[36m>\u001b[39m\n            \u001b[0mOrganizations\u001b[0m\n          \u001b[36m</h1>\u001b[39m\n          \u001b[36m<p\u001b[39m\n            \u001b[33mclass\u001b[39m=\u001b[32m\"mt-2 text-[15px] leading-[1.4] text-[#6b7280]\"\u001b[39m\n          \u001b[36m>\u001b[39m\n            \u001b[0mManage all organizations\u001b[0m\n          \u001b[36m</p>\u001b[39m\n        \u001b[36m</div>\u001b[39m\n      \u001b[36m</header>\u001b[39m\n      \u001b[36m<section\u001b[39m\n        \u001b[33maria-label\u001b[39m=\u001b[32m\"Organization summary\"\u001b[39m\n        \u001b[33mclass\u001b[39m=\u001b[32m\"grid grid-cols-[minmax(280px,744px)] max-[760px]:grid-cols-1\"\u001b[39m\n      \u001b[36m>\u001b[39m\n        \u001b[36m<div\u001b[39m\n          \u001b[33mclass\u001b[39m=\u001b[32m\"grid h-28 content-center rounded-lg border border-[#e7ebf2] bg-white px-7 shadow-[0_1px_2px_rgba(15,23,42,0.08),0_1px_4px_rgba(15,23,42,0.04)]\"\u001b[39m\n        \u001b[36m>\u001b[39m\n          \u001b[36m<span\u001b[39m\n            \u001b[33mclass\u001b[39m=\u001b[32m\"text-sm font-bold text-[#6b7280]\"\u001b[39m\n          \u001b[36m>\u001b[39m\n            \u001b[0mTotal Organizations\u001b[0m\n          \u001b[36m</span>\u001b[39m\n          \u001b[36m<strong\u001b[39m\n            \u001b[33mclass\u001b[39m=\u001b[32m\"mt-2.5 text-3xl leading-none text-[#111827]\"\u001b[39m\n          \u001b[36m>\u001b[39m\n            \u001b[0m2\u001b[0m\n          \u001b[36m</strong>\u001b[39m\n        \u001b[36m</div>\u001b[39m\n      \u001b[36m</section>\u001b[39m\n      \u001b[36m<section\u001b[39m\n        \u001b[33mclass\u001b[39m=\u001b[32m\"overflow-hidden rounded-lg border border-[#e7ebf2] bg-white shadow-[0_1px_2px_rgba(15,23,42,0.08),0_1px_4px_rgba(15,23,42,0.04)]\"\u001b[39m\n      \u001b[36m>\u001b[39m\n        \u001b[36m<div\u001b[39m\n          \u001b[33mclass\u001b[39m=\u001b[32m\"flex min-h-[72px] items-center gap-3 border-b border-[#e7ebf2] px-5 max-[760px]:min-h-0 max-[760px]:flex-wrap max-[760px]:p-4\"\u001b[39m\n        \u001b[36m>\u001b[39m\n          \u001b[36m<label\u001b[39m\n            \u001b[33mclass\u001b[39m=\u001b[32m\"flex h-9 w-64 items-center gap-2.5 rounded-lg border border-[#dfe5ee] bg-white px-3.5 text-[#9aa3b2] max-[760px]:w-full\"\u001b[39m\n          \u001b[36m>\u001b[39m\n            \u001b[36m<svg\u001b[39m\n              \u001b[33maria-hidden\u001b[39m=\u001b[32m\"true\"\u001b[39m\n              \u001b[33mclass\u001b[39m=\u001b[32m\"lucide lucide-search\"\u001b[39m\n              \u001b[33mfill\u001b[39m=\u001b[32m\"none\"\u001b[39m\n              \u001b[33mheight\u001b[39m=\u001b[32m\"18\"\u001b[39m\n              \u001b[33mstroke\u001b[39m=\u001b[32m\"currentColor\"\u001b[39m\n              \u001b[33mstroke-linecap\u001b[39m=\u001b[32m\"round\"\u001b[39m\n              \u001b[33mstroke-linejoin\u001b[39m=\u001b[32m\"round\"\u001b[39m\n              \u001b[33mstroke-width\u001b[39m=\u001b[32m\"2\"\u001b[39m\n              \u001b[33mviewBox\u001b[39m=\u001b[32m\"0 0 24 24\"\u001b[39m\n              \u001b[33mwidth\u001b[39m=\u001b[32m\"18\"\u001b[39m\n              \u001b[33mxmlns\u001b[39m=\u001b[32m\"http://www.w3.org/2000/svg\"\u001b[39m\n            \u001b[36m>\u001b[39m\n              \u001b[36m<path\u001b[39m\n                \u001b[33md\u001b[39m=\u001b[32m\"m21 21-4.34-4.34\"\u001b[39m\n              \u001b[36m/>\u001b[39m\n              \u001b[36m<circle\u001b[39m\n                \u001b[33mcx\u001b[39m=\u001b[32m\"11\"\u001b[39m\n                \u001b[33mcy\u001b[39m=\u001b[32m\"11\"\u001b[39m\n                \u001b[33mr\u001b[39m=\u001b[32m\"8\"\u001b[39m\n              \u001b[36m/>\u001b[39m\n            \u001b[36m</svg>\u001b[39m\n            \u001b[36m<input\u001b[39m\n              \u001b[33mclass\u001b[39m=\u001b[32m\"min-w-0 flex-1 border-0 bg-transparent text-[#1f2937] outline-none placeholder:text-[#98a1af]\"\u001b[39m\n              \u001b[33mplaceholder\u001b[39m=\u001b[32m\"Search organizations...\"\u001b[39m\n              \u001b[33mvalue\u001b[39m=\u001b[32m\"\"\u001b[39m\n            \u001b[36m/>\u001b[39m\n          \u001b[36m</label>\u001b[39m\n          \u001b[36m<button\u001b[39m\n            \u001b[33mclass\u001b[39m=\u001b[32m\"inline-flex h-9 min-w-[78px] items-center justify-center gap-2 whitespace-nowrap rounded-lg border border-[#dfe5ee] bg-white px-3.5 text-sm font-extrabold leading-none text-[#374151] hover:-translate-y-px\"\u001b[39m\n            \u001b[33mtype\u001b[39m=\u001b[32m\"button\"\u001b[39m\n          \u001b[36m>\u001b[39m\n            \u001b[36m<svg\u001b[39m\n              \u001b[33maria-hidden\u001b[39m=\u001b[32m\"true\"\u001b[39m\n              \u001b[33mclass\u001b[39m=\u001b[32m\"lucide lucide-funnel\"\u001b[39m\n              \u001b[33mfill\u001b[39m=\u001b[32m\"none\"\u001b[39m\n              \u001b[33mheight\u001b[39m=\u001b[32m\"17\"\u001b[39m\n              \u001b[33mstroke\u001b[39m=\u001b[32m\"currentColor\"\u001b[39m\n              \u001b[33mstroke-linecap\u001b[39m=\u001b[32m\"round\"\u001b[39m\n              \u001b[33mstroke-linejoin\u001b[39m=\u001b[32m\"round\"\u001b[39m\n              \u001b[33mstroke-width\u001b[39m=\u001b[32m\"2\"\u001b[39m\n              \u001b[33mviewBox\u001b[39m=\u001b[32m\"0 0 24 24\"\u001b[39m\n              \u001b[33mwidth\u001b[39m=\u001b[32m\"17\"\u001b[39m\n              \u001b[33mxmlns\u001b[39m=\u001b[32m\"http://www.w3.org/2000/svg\"\u001b[39m\n            \u001b[36m>\u001b[39m\n              \u001b[36m<path\u001b[39m\n                \u001b[33md\u001b[39m=\u001b[32m\"M10 20a1 1 0 0 0 .553.895l2 1A1 1 0 0 0 14 21v-7a2 2 0 0 1 .517-1.341L21.74 4.67A1 1 0 0 0 21 3H3a1 1 0 0 0-.742 1.67l7.225 7.989A2 2 0 0 1 10 14z\"\u001b[39m\n              \u001b[36m/>\u001b[39m\n            \u001b[36m</svg>\u001b[39m\n            \u001b[36m<span>\u001b[39m\n              \u001b[0mFilter\u001b[0m\n            \u001b[36m</span>\u001b[39m\n          \u001b[36m</button>\u001b[39m\n          \u001b[36m<button\u001b[39m\n            \u001b[33mclass\u001b[39m=\u001b[32m\"inline-flex h-9 min-w-[78px] items-center justify-center gap-2 whitespace-nowrap rounded-lg border border-[#dfe5ee] bg-white px-3.5 text-sm font-extrabold leading-none text-[#374151] hover:-translate-y-px\"\u001b[39m\n            \u001b[33mtype\u001b[39m=\u001b[32m\"button\"\u001b[39m\n          \u001b[36m>\u001b[39m\n            \u001b[36m<svg\u001b[39m\n              \u001b[33maria-hidden\u001b[39m=\u001b[32m\"true\"\u001b[39m\n              \u001b[33mclass\u001b[39m=\u001b[32m\"lucide lucide-arrow-up-down\"\u001b[39m\n              \u001b[33mfill\u001b[39m=\u001b[32m\"none\"\u001b[39m\n              \u001b[33mheight\u001b[39m=\u001b[32m\"17\"\u001b[39m\n              \u001b[33mstroke\u001b[39m=\u001b[32m\"currentColor\"\u001b[39m\n              \u001b[33mstroke-linecap\u001b[39m=\u001b[32m\"round\"\u001b[39m\n              \u001b[33mstroke-linejoin\u001b[39m=\u001b[32m\"round\"\u001b[39m\n              \u001b[33mstroke-width\u001b[39m=\u001b[32m\"2\"\u001b[39m\n              \u001b[33mviewBox\u001b[39m=\u001b[32m\"0 0 24 24\"\u001b[39m\n              \u001b[33mwidth\u001b[39m=\u001b[32m\"17\"\u001b[39m\n              \u001b[33mxmlns\u001b[39m=\u001b[32m\"http://www.w3.org/2000/svg\"\u001b[39m\n            \u001b[36m>\u001b[39m\n              \u001b[36m<path\u001b[39m\n                \u001b[33md\u001b[39m=\u001b[32m\"m21 16-4 4-4-4\"\u001b[39m\n              \u001b[36m/>\u001b[39m\n              \u001b[36m<path\u001b[39m\n                \u001b[33md\u001b[39m=\u001b[32m\"M17 20V4\"\u001b[39m\n              \u001b[36m/>\u001b[39m\n              \u001b[36m<path\u001b[39m\n                \u001b[33md\u001b[39m=\u001b[32m\"m3 8 4-4 4 4\"\u001b[39m\n              \u001b[36m/>\u001b[39m\n              \u001b[36m<path\u001b[39m\n                \u001b[33md\u001b[39m=\u001b[32m\"M7 4v16\"\u001b[39m\n              \u001b[36m/>\u001b[39m\n            \u001b[36m</svg>\u001b[39m\n            \u001b[36m<span>\u001b[39m\n              \u001b[0mSort\u001b[0m\n            \u001b[36m</span>\u001b[39m\n          \u001b[36m</button>\u001b[39m\n        \u001b[36m</div>\u001b[39m\n        \u001b[36m<div\u001b[39m\n          \u001b[33mclass\u001b[39m=\u001b[32m\"grid gap-5 p-5 max-[760px]:p-4\"\u001b[39m\n        \u001b[36m>\u001b[39m\n          \u001b[36m<article\u001b[39m\n            \u001b[33mclass\u001b[39m=\u001b[32m\"relative grid min-h-[136px] gap-6 rounded-lg border border-[#e7ebf2] bg-[#fbfcfe] px-6 py-[22px] hover:border-[#c9dcfb] hover:shadow-[0_10px_22px_rgba(15,23,42,0.06)] max-[760px]:min-h-0 max-[760px]:p-[18px]\"\u001b[39m\n          \u001b[36m>\u001b[39m\n            \u001b[36m<button\u001b[39m\n              \u001b[33maria-label\u001b[39m=\u001b[32m\"Open Acme Corporation\"\u001b[39m\n              \u001b[33mclass\u001b[39m=\u001b[32m\"absolute inset-0 border-0 opacity-0\"\u001b[39m\n              \u001b[33mtype\u001b[39m=\u001b[32m\"button\"\u001b[39m\n            \u001b[36m/>\u001b[39m\n            \u001b[36m<div\u001b[39m\n              \u001b[33mclass\u001b[39m=\u001b[32m\"grid grid-cols-[1fr_auto] items-start gap-8 max-[1100px]:grid-cols-2 max-[760px]:grid-cols-1\"\u001b[39m\n            \u001b[36m>\u001b[39m\n              \u001b[36m<div\u001b[39m\n                \u001b[33mclass\u001b[39m=\u001b[32m\"max-[1100px]:col-span-full max-[760px]:col-auto\"\u001b[39m\n              \u001b[36m>\u001b[39m\n                \u001b[36m<h3\u001b[39m\n                  \u001b[33mclass\u001b[39m=\u001b[32m\"m-0 text-base font-extrabold leading-tight text-[#263142]\"\u001b[39m\n                \u001b[36m>\u001b[39m\n                  \u001b[0mAcme Corporation\u001b[0m\n                \u001b[36m</h3>\u001b[39m\n                \u001b[36m<p\u001b[39m\n                  \u001b[33mclass\u001b[39m=\u001b[32m\"mt-1.5 text-[13px] leading-[1.35] text-[#4b5563]\"\u001b[39m\n                \u001b[36m>\u001b[39m\n                  \u001b[0mLeading enterprise software solutions provider\u001b[0m\n                \u001b[36m</p>\u001b[39m\n              \u001b[36m</div>\u001b[39m\n              \u001b[36m<span\u001b[39m\n                \u001b[33mclass\u001b[39m=\u001b[32m\"justify-self-end whitespace-nowrap text-xs font-extrabold text-[#697386] max-[1100px]:justify-self-start\"\u001b[39m\n              \u001b[36m>\u001b[39m\n                \u001b[0m24\u001b[0m\n                \u001b[0m Members\u001b[0m\n              \u001b[36m</span>\u001b[39m\n            \u001b[36m</div>\u001b[39m\n            \u001b[36m<div\u001b[39m\n              \u001b[33mclass\u001b[39m=\u001b[32m\"grid grid-cols-[minmax(280px,1.2fr)_minmax(220px,1fr)_minmax(220px,1fr)] items-start gap-8 max-[1100px]:grid-cols-2 max-[760px]:grid-cols-1\"\u001b[39m\n            \u001b[36m>\u001b[39m\n              \u001b[36m<div\u001b[39m\n                \u001b[33mclass\u001b[39m=\u001b[32m\"grid gap-2.5\"\u001b[39m\n              \u001b[36m>\u001b[39m\n                \u001b[36m<span\u001b[39m\n                  \u001b[33mclass\u001b[39m=\u001b[32m\"text-sm font-bold text-[#6b7280]\"\u001b[39m\n                \u001b[36m>\u001b[39m\n                  \u001b[0mOwner\u001b[0m\n                \u001b[36m</span>\u001b[39m\n                \u001b[36m<div\u001b[39m\n                  \u001b[33mclass\u001b[39m=\u001b[32m\"grid grid-cols-[auto_1fr] items-center gap-2.5\"\u001b[39m\n                \u001b[36m>\u001b[39m\n                  \u001b[36m<span\u001b[39m\n                    \u001b[33mclass\u001b[39m=\u001b[32m\"grid size-9 shrink-0 place-items-center rounded-full bg-[#0f7bf2] text-xs font-extrabold text-white\"\u001b[39m\n                  \u001b[36m>\u001b[39m\n                    \u001b[0mJS\u001b[0m\n                  \u001b[36m</span>\u001b[39m\n                  \u001b[36m<div>\u001b[39m\n                    \u001b[36m<strong\u001b[39m\n                      \u001b[33mclass\u001b[39m=\u001b[32m\"block text-sm leading-tight text-[#263142]\"\u001b[39m\n                    \u001b[36m>\u001b[39m\n                      \u001b[0mJohn Smith\u001b[0m\n                    \u001b[36m</strong>\u001b[39m\n                    \u001b[36m<span\u001b[39m\n                      \u001b[33mclass\u001b[39m=\u001b[32m\"mt-1 block text-[13px] leading-tight text-[#697386]\"\u001b[39m\n                    \u001b[36m>\u001b[39m\n                      \u001b[0mjohn@acme.com\u001b[0m\n                    \u001b[36m</span>\u001b[39m\n                  \u001b[36m</div>\u001b[39m\n                \u001b[36m</div>\u001b[39m\n              \u001b[36m</div>\u001b[39m\n              \u001b[36m<div>\u001b[39m\n                \u001b[36m<span\u001b[39m\n                  \u001b[33mclass\u001b[39m=\u001b[32m\"text-sm font-bold text-[#6b7280]\"\u001b[39m\n                \u001b[36m>\u001b[39m\n                  \u001b[0mAddress\u001b[0m\n                \u001b[36m</span>\u001b[39m\n                \u001b[36m<p\u001b[39m\n                  \u001b[33mclass\u001b[39m=\u001b[32m\"mt-1.5 text-[13px] leading-[1.35] text-[#4b5563]\"\u001b[39m\n                \u001b[36m>\u001b[39m\n                  \u001b[0m123 Business Park\u001b[0m\n                \u001b[36m</p>\u001b[39m\n              \u001b[36m</div>\u001b[39m\n              \u001b[36m<div>\u001b[39m\n                \u001b[36m<span\u001b[39m\n                  \u001b[33mclass\u001b[39m=\u001b[32m\"text-sm font-bold text-[#6b7280]\"\u001b[39m\n                \u001b[36m>\u001b[39m\n                  \u001b[0mLocation\u001b[0m\n                \u001b[36m</span>\u001b[39m\n                \u001b[36m<p\u001b[39m\n                  \u001b[33mclass\u001b[39m=\u001b[32m\"mt-1.5 text-[13px] leading-[1.35] text-[#4b5563]\"\u001b[39m\n                \u001b[36m>\u001b[39m\n                  \u001b[0mNew York\u001b[0m\n                \u001b[36m</p>\u001b[39m\n                \u001b[36m<p\u001b[39m\n                  \u001b[33mclass\u001b[39m=\u001b[32m\"mt-1.5 text-[13px] leading-[1.35] text-[#4b5563]\"\u001b[39m\n                \u001b[36m>\u001b[39m\n                  \u001b[0mNY\u001b[0m\n                \u001b[36m</p>\u001b[39m\n                \u001b[36m<p\u001b[39m\n                  \u001b[33mclass\u001b[39m=\u001b[32m\"mt-1.5 text-[13px] leading-[1.35] text-[#4b5563]\"\u001b[39m\n                \u001b[36m>\u001b[39m\n                  \u001b[0mUSA\u001b[0m\n                \u001b[36m</p>\u001b[39m\n                \u001b[36m<p\u001b[39m\n                  \u001b[33mclass\u001b[39m=\u001b[32m\"mt-1.5 text-[13px] leading-[1.35] text-[#4b5563]\"\u001b[39m\n                \u001b[36m>\u001b[39m\n                  \u001b[0m10001\u001b[0m\n                \u001b[36m</p>\u001b[39m\n              \u001b[36m</div>\u001b[39m\n            \u001b[36m</div>\u001b[39m\n          \u001b[36m</article>\u001b[39m\n          \u001b[36m<article\u001b[39m\n            \u001b[33mclass\u001b[39m=\u001b[32m\"relative grid min-h-[136px] gap-6 rounded-lg border border-[#e7ebf2] bg-[#fbfcfe] px-6 py-[22px] hover:border-[#c9dcfb] hover:shadow-[0_10px_22px_rgba(15,23,42,0.06)] max-[760px]:min-h-0 max-[760px]:p-[18px]\"\u001b[39m\n          \u001b[36m>\u001b[39m\n            \u001b[36m<button\u001b[39m\n              \u001b[33maria-label\u001b[39m=\u001b[32m\"Open Tech Innovations Ltd\"\u001b[39m\n              \u001b[33mclass\u001b[39m=\u001b[32m\"absolute inset-0 border-0 opacity-0\"\u001b[39m\n              \u001b[33mtype\u001b[39m=\u001b[32m\"button\"\u001b[39m\n            \u001b[36m/>\u001b[39m\n            \u001b[36m<div\u001b[39m\n              \u001b[33mclass\u001b[39m=\u001b[32m\"grid grid-cols-[1fr_auto] items-start gap-8 max-[1100px]:grid-cols-2 max-[760px]:grid-cols-1\"\u001b[39m\n            \u001b[36m>\u001b[39m\n              \u001b[36m<div\u001b[39m\n                \u001b[33mclass\u001b[39m=\u001b[32m\"max-[1100px]:col-span-full max-[760px]:col-auto\"\u001b[39m\n              \u001b[36m>\u001b[39m\n                \u001b[36m<h3\u001b[39m\n                  \u001b[33mclass\u001b[39m=\u001b[32m\"m-0 text-base font-extrabold leading-tight text-[#263142]\"\u001b[39m\n                \u001b[36m>\u001b[39m\n                  \u001b[0mTech Innovations Ltd\u001b[0m\n                \u001b[36m</h3>\u001b[39m\n                \u001b[36m<p\u001b[39m\n                  \u001b[33mclass\u001b[39m=\u001b[32m\"mt-1.5 text-[13px] leading-[1.35] text-[#4b5563]\"\u001b[39m\n                \u001b[36m>\u001b[39m\n                  \u001b[0mAI and cloud transformation company\u001b[0m\n                \u001b[36m</p>\u001b[39m\n              \u001b[36m</div>\u001b[39m\n              \u001b[36m<span\u001b[39m\n                \u001b[33mclass\u001b[39m=\u001b[32m\"justify-self-end whitespace-nowrap text-xs font-extrabold text-[#697386] max-[1100px]:justify-self-start\"\u001b[39m\n              \u001b[36m>\u001b[39m\n                \u001b[0m12\u001b[0m\n                \u001b[0m Members\u001b[0m\n              \u001b[36m</span>\u001b[39m\n            \u001b[36m</div>\u001b[39m\n            \u001b[36m<div\u001b[39m\n              \u001b[33mclass\u001b[39m=\u001b[32m\"grid grid-cols-[minmax(280px,1.2fr)_minmax(220px,1fr)_minmax(220px,1fr)] items-start gap-8 max-[1100px]:grid-cols-2 max-[760px]:grid-cols-1\"\u001b[39m\n            \u001b[36m>\u001b[39m\n              \u001b[36m<div\u001b[39m\n                \u001b[33mclass\u001b[39m=\u001b[32m\"grid gap-2.5\"\u001b[39m\n              \u001b[36m>\u001b[39m\n                \u001b[36m<span\u001b[39m\n                  \u001b[33mclass\u001b[39m=\u001b[32m\"text-sm font-bold text-[#6b7280]\"\u001b[39m\n                \u001b[36m>\u001b[39m\n                  \u001b[0mOwner\u001b[0m\n                \u001b[36m</span>\u001b[39m\n                \u001b[36m<div\u001b[39m\n                  \u001b[33mclass\u001b[39m=\u001b[32m\"grid grid-cols-[auto_1fr] items-center gap-2.5\"\u001b[39m\n                \u001b[36m>\u001b[39m\n                  \u001b[36m<span\u001b[39m\n                    \u001b[33mclass\u001b[39m=\u001b[32m\"grid size-9 shrink-0 place-items-center rounded-full bg-[#0f7bf2] text-xs font-extrabold text-white\"\u001b[39m\n                  \u001b[36m>\u001b[39m\n                    \u001b[0mSJ\u001b[0m\n                  \u001b[36m</span>\u001b[39m\n                  \u001b[36m<div>\u001b[39m\n                    \u001b[36m<strong\u001b[39m\n                      \u001b[33mclass\u001b[39m=\u001b[32m\"block text-sm leading-tight text-[#263142]\"\u001b[39m\n                    \u001b[36m>\u001b[39m\n                      \u001b[0mSarah Johnson\u001b[0m\n                    \u001b[36m</strong>\u001b[39m\n                    \u001b[36m<span\u001b[39m\n                      \u001b[33mclass\u001b[39m=\u001b[32m\"mt-1 block text-[13px] leading-tight text-[#697386]\"\u001b[39m\n                    \u001b[36m>\u001b[39m\n                      \u001b[0msarah@techinnovations.io\u001b[0m\n                    \u001b[36m</span>\u001b[39m\n                  \u001b[36m</div>\u001b[39m\n                \u001b[36m</div>\u001b[39m\n              \u001b[36m</div>\u001b[39m\n              \u001b[36m<div>\u001b[39m\n                \u001b[36m<span\u001b[39m\n                  \u001b[33mclass\u001b[39m=\u001b[32m\"text-sm font-bold text-[#6b7280]\"\u001b[39m\n                \u001b[36m>\u001b[39m\n                  \u001b[0mAddress\u001b[0m\n                \u001b[36m</span>\u001b[39m\n                \u001b[36m<p\u001b[39m\n                  \u001b[33mclass\u001b[39m=\u001b[32m\"mt-1.5 text-[13px] leading-[1.35] text-[#4b5563]\"\u001b[39m\n                \u001b[36m>\u001b[39m\n                  \u001b[0m45 Silicon Avenue\u001b[0m\n                \u001b[36m</p>\u001b[39m\n              \u001b[36m</div>\u001b[39m\n              \u001b[36m<div>\u001b[39m\n                \u001b[36m<span\u001b[39m\n                  \u001b[33mclass\u001b[39m=\u001b[32m\"text-sm font-bold text-[#6b7280]\"\u001b[39m\n                \u001b[36m>\u001b[39m\n                  \u001b[0mLocation\u001b[0m\n                \u001b[36m</span>\u001b[39m\n                \u001b[36m<p\u001b[39m\n                  \u001b[33mclass\u001b[39m=\u001b[32m\"mt-1.5 text-[13px] leading-[1.35] text-[#4b5563]\"\u001b[39m\n                \u001b[36m>\u001b[39m\n                  \u001b[0mSan Francisco\u001b[0m\n                \u001b[36m</p>\u001b[39m\n                \u001b[36m<p\u001b[39m\n                  \u001b[33mclass\u001b[39m=\u001b[32m\"mt-1.5 text-[13px] leading-[1.35] text-[#4b5563]\"\u001b[39m\n                \u001b[36m>\u001b[39m\n                  \u001b[0mCA\u001b[0m\n                \u001b[36m</p>\u001b[39m\n                \u001b[36m<p\u001b[39m\n                  \u001b[33mclass\u001b[39m=\u001b[32m\"mt-1.5 text-[13px] leading-[1.35] text-[#4b5563]\"\u001b[39m\n                \u001b[36m>\u001b[39m\n                  \u001b[0mUSA\u001b[0m\n                \u001b[36m</p>\u001b[39m\n                \u001b[36m<p\u001b[39m\n                  \u001b[33mclass\u001b[39m=\u001b[32m\"mt-1.5 text-[13px] leading-[1.35] text-[#4b5563]\"\u001b[39m\n                \u001b[36m>\u001b[39m\n                  \u001b[0m94105\u001b[0m\n                \u001b[36m</p>\u001b[39m\n              \u001b[36m</div>\u001b[39m\n            \u001b[36m</div>\u001b[39m\n          \u001b[36m</article>\u001b[39m\n        \u001b[36m</div>\u001b[39m\n      \u001b[36m</section>\u001b[39m\n    \u001b[36m</section>\u001b[39m\n  \u001b[36m</div>\u001b[39m\n\u001b[36m</body>\u001b[39m\n    at Object.getElementError (C:\\Users\\manve\\OneDrive\\Desktop\\tarakki\\tarakki-react\\node_modules\\@testing-library\\dom\\dist\\config.js:37:19)\n    at getElementError (C:\\Users\\manve\\OneDrive\\Desktop\\tarakki\\tarakki-react\\node_modules\\@testing-library\\dom\\dist\\query-helpers.js:20:35)\n    at getMultipleElementsFoundError (C:\\Users\\manve\\OneDrive\\Desktop\\tarakki\\tarakki-react\\node_modules\\@testing-library\\dom\\dist\\query-helpers.js:23:10)\n    at C:\\Users\\manve\\OneDrive\\Desktop\\tarakki\\tarakki-react\\node_modules\\@testing-library\\dom\\dist\\query-helpers.js:55:13\n    at C:\\Users\\manve\\OneDrive\\Desktop\\tarakki\\tarakki-react\\node_modules\\@testing-library\\dom\\dist\\query-helpers.js:95:19\n    at Object.<anonymous> (C:\\Users\\manve\\OneDrive\\Desktop\\tarakki\\tarakki-react\\src\\pages\\admin\\features\\organizations\\OrganizationListPage.test.tsx:12:19)\n    at Promise.finally.completed (C:\\Users\\manve\\OneDrive\\Desktop\\tarakki\\tarakki-react\\node_modules\\jest-circus\\build\\jestAdapterInit.js:1557:28)\n    at new Promise (<anonymous>)\n    at callAsyncCircusFn (C:\\Users\\manve\\OneDrive\\Desktop\\tarakki\\tarakki-react\\node_modules\\jest-circus\\build\\jestAdapterInit.js:1497:10)\n    at _callCircusTest (C:\\Users\\manve\\OneDrive\\Desktop\\tarakki\\tarakki-react\\node_modules\\jest-circus\\build\\jestAdapterInit.js:1007:40)\n    at _runTest (C:\\Users\\manve\\OneDrive\\Desktop\\tarakki\\tarakki-react\\node_modules\\jest-circus\\build\\jestAdapterInit.js:947:3)\n    at C:\\Users\\manve\\OneDrive\\Desktop\\tarakki\\tarakki-react\\node_modules\\jest-circus\\build\\jestAdapterInit.js:849:7\n    at _runTestsForDescribeBlock (C:\\Users\\manve\\OneDrive\\Desktop\\tarakki\\tarakki-react\\node_modules\\jest-circus\\build\\jestAdapterInit.js:862:11)\n    at _runTestsForDescribeBlock (C:\\Users\\manve\\OneDrive\\Desktop\\tarakki\\tarakki-react\\node_modules\\jest-circus\\build\\jestAdapterInit.js:857:11)\n    at run (C:\\Users\\manve\\OneDrive\\Desktop\\tarakki\\tarakki-react\\node_modules\\jest-circus\\build\\jestAdapterInit.js:761:3)\n    at runAndTransformResultsToJestFormat (C:\\Users\\manve\\OneDrive\\Desktop\\tarakki\\tarakki-react\\node_modules\\jest-circus\\build\\jestAdapterInit.js:1918:21)\n    at jestAdapter (C:\\Users\\manve\\OneDrive\\Desktop\\tarakki\\tarakki-react\\node_modules\\jest-circus\\build\\runner.js:101:19)\n    at runTestInternal (C:\\Users\\manve\\OneDrive\\Desktop\\tarakki\\tarakki-react\\node_modules\\jest-runner\\build\\index.js:275:16)\n    at runTest (C:\\Users\\manve\\OneDrive\\Desktop\\tarakki\\tarakki-react\\node_modules\\jest-runner\\build\\index.js:343:7)"],"fullName":"OrganizationListPage renders the organizations heading and list summary","invocations":1,"location":null,"numPassingAsserts":0,"retryReasons":[],"startAt":1785930726724,"status":"failed","title":"renders the organizations heading and list summary"},{"ancestorTitles":["OrganizationListPage"],"duration":13,"failing":false,"failureDetails":[],"failureMessages":[],"fullName":"OrganizationListPage passes the selected organization id through the open handler","invocations":1,"location":null,"numPassingAsserts":1,"retryReasons":[],"startAt":1785930726767,"status":"passed","title":"passes the selected organization id through the open handler"}],"endTime":1785930726792,"message":"\u001b[1m\u001b[31m  \u001b[1m● \u001b[22m\u001b[1mOrganizationListPage › renders the organizations heading and list summary\u001b[39m\u001b[22m\n\n    TestingLibraryElementError: Found multiple elements with the text: /organizations/i\n\n    Here are the matching elements:\n\n    Ignored nodes: comments, script, style\n    \u001b[36m<h1\u001b[39m\n      \u001b[33mclass\u001b[39m=\u001b[32m\"m-0 text-[28px] font-extrabold leading-[1.2] text-[#0f172a] max-[760px]:text-[25px]\"\u001b[39m\n    \u001b[36m>\u001b[39m\n      \u001b[0mOrganizations\u001b[0m\n    \u001b[36m</h1>\u001b[39m\n\n    Ignored nodes: comments, script, style\n    \u001b[36m<p\u001b[39m\n      \u001b[33mclass\u001b[39m=\u001b[32m\"mt-2 text-[15px] leading-[1.4] text-[#6b7280]\"\u001b[39m\n    \u001b[36m>\u001b[39m\n      \u001b[0mManage all organizations\u001b[0m\n    \u001b[36m</p>\u001b[39m\n\n    Ignored nodes: comments, script, style\n    \u001b[36m<span\u001b[39m\n      \u001b[33mclass\u001b[39m=\u001b[32m\"text-sm font-bold text-[#6b7280]\"\u001b[39m\n    \u001b[36m>\u001b[39m\n      \u001b[0mTotal Organizations\u001b[0m\n    \u001b[36m</span>\u001b[39m\n\n    (If this is intentional, then use the `*AllBy*` variant of the query (like `queryAllByText`, `getAllByText`, or `findAllByText`)).\n\n    Ignored nodes: comments, script, style\n    \u001b[36m<body>\u001b[39m\n      \u001b[36m<div>\u001b[39m\n        \u001b[36m<section\u001b[39m\n          \u001b[33mclass\u001b[39m=\u001b[32m\"grid gap-7\"\u001b[39m\n        \u001b[36m>\u001b[39m\n          \u001b[36m<header\u001b[39m\n            \u001b[33mclass\u001b[39m=\u001b[32m\"flex items-start justify-between gap-6 max-[760px]:grid\"\u001b[39m\n          \u001b[36m>\u001b[39m\n            \u001b[36m<div>\u001b[39m\n              \u001b[36m<h1\u001b[39m\n                \u001b[33mclass\u001b[39m=\u001b[32m\"m-0 text-[28px] font-extrabold leading-[1.2] text-[#0f172a] max-[760px]:text-[25px]\"\u001b[39m\n              \u001b[36m>\u001b[39m\n                \u001b[0mOrganizations\u001b[0m\n              \u001b[36m</h1>\u001b[39m\n              \u001b[36m<p\u001b[39m\n                \u001b[33mclass\u001b[39m=\u001b[32m\"mt-2 text-[15px] leading-[1.4] text-[#6b7280]\"\u001b[39m\n              \u001b[36m>\u001b[39m\n                \u001b[0mManage all organizations\u001b[0m\n              \u001b[36m</p>\u001b[39m\n            \u001b[36m</div>\u001b[39m\n          \u001b[36m</header>\u001b[39m\n          \u001b[36m<section\u001b[39m\n            \u001b[33maria-label\u001b[39m=\u001b[32m\"Organization summary\"\u001b[39m\n            \u001b[33mclass\u001b[39m=\u001b[32m\"grid grid-cols-[minmax(280px,744px)] max-[760px]:grid-cols-1\"\u001b[39m\n          \u001b[36m>\u001b[39m\n            \u001b[36m<div\u001b[39m\n              \u001b[33mclass\u001b[39m=\u001b[32m\"grid h-28 content-center rounded-lg border border-[#e7ebf2] bg-white px-7 shadow-[0_1px_2px_rgba(15,23,42,0.08),0_1px_4px_rgba(15,23,42,0.04)]\"\u001b[39m\n            \u001b[36m>\u001b[39m\n              \u001b[36m<span\u001b[39m\n                \u001b[33mclass\u001b[39m=\u001b[32m\"text-sm font-bold text-[#6b7280]\"\u001b[39m\n              \u001b[36m>\u001b[39m\n                \u001b[0mTotal Organizations\u001b[0m\n              \u001b[36m</span>\u001b[39m\n              \u001b[36m<strong\u001b[39m\n                \u001b[33mclass\u001b[39m=\u001b[32m\"mt-2.5 text-3xl leading-none text-[#111827]\"\u001b[39m\n              \u001b[36m>\u001b[39m\n                \u001b[0m2\u001b[0m\n              \u001b[36m</strong>\u001b[39m\n            \u001b[36m</div>\u001b[39m\n          \u001b[36m</section>\u001b[39m\n          \u001b[36m<section\u001b[39m\n            \u001b[33mclass\u001b[39m=\u001b[32m\"overflow-hidden rounded-lg border border-[#e7ebf2] bg-white shadow-[0_1px_2px_rgba(15,23,42,0.08),0_1px_4px_rgba(15,23,42,0.04)]\"\u001b[39m\n          \u001b[36m>\u001b[39m\n            \u001b[36m<div\u001b[39m\n              \u001b[33mclass\u001b[39m=\u001b[32m\"flex min-h-[72px] items-center gap-3 border-b border-[#e7ebf2] px-5 max-[760px]:min-h-0 max-[760px]:flex-wrap max-[760px]:p-4\"\u001b[39m\n            \u001b[36m>\u001b[39m\n              \u001b[36m<label\u001b[39m\n                \u001b[33mclass\u001b[39m=\u001b[32m\"flex h-9 w-64 items-center gap-2.5 rounded-lg border border-[#dfe5ee] bg-white px-3.5 text-[#9aa3b2] max-[760px]:w-full\"\u001b[39m\n              \u001b[36m>\u001b[39m\n                \u001b[36m<svg\u001b[39m\n                  \u001b[33maria-hidden\u001b[39m=\u001b[32m\"true\"\u001b[39m\n                  \u001b[33mclass\u001b[39m=\u001b[32m\"lucide lucide-search\"\u001b[39m\n                  \u001b[33mfill\u001b[39m=\u001b[32m\"none\"\u001b[39m\n                  \u001b[33mheight\u001b[39m=\u001b[32m\"18\"\u001b[39m\n                  \u001b[33mstroke\u001b[39m=\u001b[32m\"currentColor\"\u001b[39m\n                  \u001b[33mstroke-linecap\u001b[39m=\u001b[32m\"round\"\u001b[39m\n                  \u001b[33mstroke-linejoin\u001b[39m=\u001b[32m\"round\"\u001b[39m\n                  \u001b[33mstroke-width\u001b[39m=\u001b[32m\"2\"\u001b[39m\n                  \u001b[33mviewBox\u001b[39m=\u001b[32m\"0 0 24 24\"\u001b[39m\n                  \u001b[33mwidth\u001b[39m=\u001b[32m\"18\"\u001b[39m\n                  \u001b[33mxmlns\u001b[39m=\u001b[32m\"http://www.w3.org/2000/svg\"\u001b[39m\n                \u001b[36m>\u001b[39m\n                  \u001b[36m<path\u001b[39m\n                    \u001b[33md\u001b[39m=\u001b[32m\"m21 21-4.34-4.34\"\u001b[39m\n                  \u001b[36m/>\u001b[39m\n                  \u001b[36m<circle\u001b[39m\n                    \u001b[33mcx\u001b[39m=\u001b[32m\"11\"\u001b[39m\n                    \u001b[33mcy\u001b[39m=\u001b[32m\"11\"\u001b[39m\n                    \u001b[33mr\u001b[39m=\u001b[32m\"8\"\u001b[39m\n                  \u001b[36m/>\u001b[39m\n                \u001b[36m</svg>\u001b[39m\n                \u001b[36m<input\u001b[39m\n                  \u001b[33mclass\u001b[39m=\u001b[32m\"min-w-0 flex-1 border-0 bg-transparent text-[#1f2937] outline-none placeholder:text-[#98a1af]\"\u001b[39m\n                  \u001b[33mplaceholder\u001b[39m=\u001b[32m\"Search organizations...\"\u001b[39m\n                  \u001b[33mvalue\u001b[39m=\u001b[32m\"\"\u001b[39m\n                \u001b[36m/>\u001b[39m\n              \u001b[36m</label>\u001b[39m\n              \u001b[36m<button\u001b[39m\n                \u001b[33mclass\u001b[39m=\u001b[32m\"inline-flex h-9 min-w-[78px] items-center justify-center gap-2 whitespace-nowrap rounded-lg border border-[#dfe5ee] bg-white px-3.5 text-sm font-extrabold leading-none text-[#374151] hover:-translate-y-px\"\u001b[39m\n                \u001b[33mtype\u001b[39m=\u001b[32m\"button\"\u001b[39m\n              \u001b[36m>\u001b[39m\n                \u001b[36m<svg\u001b[39m\n                  \u001b[33maria-hidden\u001b[39m=\u001b[32m\"true\"\u001b[39m\n                  \u001b[33mclass\u001b[39m=\u001b[32m\"lucide lucide-funnel\"\u001b[39m\n                  \u001b[33mfill\u001b[39m=\u001b[32m\"none\"\u001b[39m\n                  \u001b[33mheight\u001b[39m=\u001b[32m\"17\"\u001b[39m\n                  \u001b[33mstroke\u001b[39m=\u001b[32m\"currentColor\"\u001b[39m\n                  \u001b[33mstroke-linecap\u001b[39m=\u001b[32m\"round\"\u001b[39m\n                  \u001b[33mstroke-linejoin\u001b[39m=\u001b[32m\"round\"\u001b[39m\n                  \u001b[33mstroke-width\u001b[39m=\u001b[32m\"2\"\u001b[39m\n                  \u001b[33mviewBox\u001b[39m=\u001b[32m\"0 0 24 24\"\u001b[39m\n                  \u001b[33mwidth\u001b[39m=\u001b[32m\"17\"\u001b[39m\n                  \u001b[33mxmlns\u001b[39m=\u001b[32m\"http://www.w3.org/2000/svg\"\u001b[39m\n                \u001b[36m>\u001b[39m\n                  \u001b[36m<path\u001b[39m\n                    \u001b[33md\u001b[39m=\u001b[32m\"M10 20a1 1 0 0 0 .553.895l2 1A1 1 0 0 0 14 21v-7a2 2 0 0 1 .517-1.341L21.74 4.67A1 1 0 0 0 21 3H3a1 1 0 0 0-.742 1.67l7.225 7.989A2 2 0 0 1 10 14z\"\u001b[39m\n                  \u001b[36m/>\u001b[39m\n                \u001b[36m</svg>\u001b[39m\n                \u001b[36m<span>\u001b[39m\n                  \u001b[0mFilter\u001b[0m\n                \u001b[36m</span>\u001b[39m\n              \u001b[36m</button>\u001b[39m\n              \u001b[36m<button\u001b[39m\n                \u001b[33mclass\u001b[39m=\u001b[32m\"inline-flex h-9 min-w-[78px] items-center justify-center gap-2 whitespace-nowrap rounded-lg border border-[#dfe5ee] bg-white px-3.5 text-sm font-extrabold leading-none text-[#374151] hover:-translate-y-px\"\u001b[39m\n                \u001b[33mtype\u001b[39m=\u001b[32m\"button\"\u001b[39m\n              \u001b[36m>\u001b[39m\n                \u001b[36m<svg\u001b[39m\n                  \u001b[33maria-hidden\u001b[39m=\u001b[32m\"true\"\u001b[39m\n                  \u001b[33mclass\u001b[39m=\u001b[32m\"lucide lucide-arrow-up-down\"\u001b[39m\n                  \u001b[33mfill\u001b[39m=\u001b[32m\"none\"\u001b[39m\n                  \u001b[33mheight\u001b[39m=\u001b[32m\"17\"\u001b[39m\n                  \u001b[33mstroke\u001b[39m=\u001b[32m\"currentColor\"\u001b[39m\n                  \u001b[33mstroke-linecap\u001b[39m=\u001b[32m\"round\"\u001b[39m\n                  \u001b[33mstroke-linejoin\u001b[39m=\u001b[32m\"round\"\u001b[39m\n                  \u001b[33mstroke-width\u001b[39m=\u001b[32m\"2\"\u001b[39m\n                  \u001b[33mviewBox\u001b[39m=\u001b[32m\"0 0 24 24\"\u001b[39m\n                  \u001b[33mwidth\u001b[39m=\u001b[32m\"17\"\u001b[39m\n                  \u001b[33mxmlns\u001b[39m=\u001b[32m\"http://www.w3.org/2000/svg\"\u001b[39m\n                \u001b[36m>\u001b[39m\n                  \u001b[36m<path\u001b[39m\n                    \u001b[33md\u001b[39m=\u001b[32m\"m21 16-4 4-4-4\"\u001b[39m\n                  \u001b[36m/>\u001b[39m\n                  \u001b[36m<path\u001b[39m\n                    \u001b[33md\u001b[39m=\u001b[32m\"M17 20V4\"\u001b[39m\n                  \u001b[36m/>\u001b[39m\n                  \u001b[36m<path\u001b[39m\n                    \u001b[33md\u001b[39m=\u001b[32m\"m3 8 4-4 4 4\"\u001b[39m\n                  \u001b[36m/>\u001b[39m\n                  \u001b[36m<path\u001b[39m\n                    \u001b[33md\u001b[39m=\u001b[32m\"M7 4v16\"\u001b[39m\n                  \u001b[36m/>\u001b[39m\n                \u001b[36m</svg>\u001b[39m\n                \u001b[36m<span>\u001b[39m\n                  \u001b[0mSort\u001b[0m\n                \u001b[36m</span>\u001b[39m\n              \u001b[36m</button>\u001b[39m\n            \u001b[36m</div>\u001b[39m\n            \u001b[36m<div\u001b[39m\n              \u001b[33mclass\u001b[39m=\u001b[32m\"grid gap-5 p-5 max-[760px]:p-4\"\u001b[39m\n            \u001b[36m>\u001b[39m\n              \u001b[36m<article\u001b[39m\n                \u001b[33mclass\u001b[39m=\u001b[32m\"relative grid min-h-[136px] gap-6 rounded-lg border border-[#e7ebf2] bg-[#fbfcfe] px-6 py-[22px] hover:border-[#c9dcfb] hover:shadow-[0_10px_22px_rgba(15,23,42,0.06)] max-[760px]:min-h-0 max-[760px]:p-[18px]\"\u001b[39m\n              \u001b[36m>\u001b[39m\n                \u001b[36m<button\u001b[39m\n                  \u001b[33maria-label\u001b[39m=\u001b[32m\"Open Acme Corporation\"\u001b[39m\n                  \u001b[33mclass\u001b[39m=\u001b[32m\"absolute inset-0 border-0 opacity-0\"\u001b[39m\n                  \u001b[33mtype\u001b[39m=\u001b[32m\"button\"\u001b[39m\n                \u001b[36m/>\u001b[39m\n                \u001b[36m<div\u001b[39m\n                  \u001b[33mclass\u001b[39m=\u001b[32m\"grid grid-cols-[1fr_auto] items-start gap-8 max-[1100px]:grid-cols-2 max-[760px]:grid-cols-1\"\u001b[39m\n                \u001b[36m>\u001b[39m\n                  \u001b[36m<div\u001b[39m\n                    \u001b[33mclass\u001b[39m=\u001b[32m\"max-[1100px]:col-span-full max-[760px]:col-auto\"\u001b[39m\n                  \u001b[36m>\u001b[39m\n                    \u001b[36m<h3\u001b[39m\n                      \u001b[33mclass\u001b[39m=\u001b[32m\"m-0 text-base font-extrabold leading-tight text-[#263142]\"\u001b[39m\n                    \u001b[36m>\u001b[39m\n                      \u001b[0mAcme Corporation\u001b[0m\n                    \u001b[36m</h3>\u001b[39m\n                    \u001b[36m<p\u001b[39m\n                      \u001b[33mclass\u001b[39m=\u001b[32m\"mt-1.5 text-[13px] leading-[1.35] text-[#4b5563]\"\u001b[39m\n                    \u001b[36m>\u001b[39m\n                      \u001b[0mLeading enterprise software solutions provider\u001b[0m\n                    \u001b[36m</p>\u001b[39m\n                  \u001b[36m</div>\u001b[39m\n                  \u001b[36m<span\u001b[39m\n                    \u001b[33mclass\u001b[39m=\u001b[32m\"justify-self-end whitespace-nowrap text-xs font-extrabold text-[#697386] max-[1100px]:justify-self-start\"\u001b[39m\n                  \u001b[36m>\u001b[39m\n                    \u001b[0m24\u001b[0m\n                    \u001b[0m Members\u001b[0m\n                  \u001b[36m</span>\u001b[39m\n                \u001b[36m</div>\u001b[39m\n                \u001b[36m<div\u001b[39m\n                  \u001b[33mclass\u001b[39m=\u001b[32m\"grid grid-cols-[minmax(280px,1.2fr)_minmax(220px,1fr)_minmax(220px,1fr)] items-start gap-8 max-[1100px]:grid-cols-2 max-[760px]:grid-cols-1\"\u001b[39m\n                \u001b[36m>\u001b[39m\n                  \u001b[36m<div\u001b[39m\n                    \u001b[33mclass\u001b[39m=\u001b[32m\"grid gap-2.5\"\u001b[39m\n                  \u001b[36m>\u001b[39m\n                    \u001b[36m<span\u001b[39m\n                      \u001b[33mclass\u001b[39m=\u001b[32m\"text-sm font-bold text-[#6b7280]\"\u001b[39m\n                    \u001b[36m>\u001b[39m\n                      \u001b[0mOwner\u001b[0m\n                    \u001b[36m</span>\u001b[39m\n                    \u001b[36m<div\u001b[39m\n                      \u001b[33mclass\u001b[39m=\u001b[32m\"grid grid-cols-[auto_1fr] items-center gap-2.5\"\u001b[39m\n                    \u001b[36m>\u001b[39m\n                      \u001b[36m<span\u001b[39m\n                        \u001b[33mclass\u001b[39m=\u001b[32m\"grid size-9 shrink-0 place-items-center rounded-full bg-[#0f7bf2] text-xs font-extrabold text-white\"\u001b[39m\n                      \u001b[36m>\u001b[39m\n                        \u001b[0mJS\u001b[0m\n                      \u001b[36m</span>\u001b[39m\n                      \u001b[36m<div>\u001b[39m\n                        \u001b[36m<strong\u001b[39m\n                          \u001b[33mclass\u001b[39m=\u001b[32m\"block text-sm leading-tight text-[#263142]\"\u001b[39m\n                        \u001b[36m>\u001b[39m\n                          \u001b[0mJohn Smith\u001b[0m\n                        \u001b[36m</strong>\u001b[39m\n                        \u001b[36m<span\u001b[39m\n                          \u001b[33mclass\u001b[39m=\u001b[32m\"mt-1 block text-[13px] leading-tight text-[#697386]\"\u001b[39m\n                        \u001b[36m>\u001b[39m\n                          \u001b[0mjohn@acme.com\u001b[0m\n                        \u001b[36m</span>\u001b[39m\n                      \u001b[36m</div>\u001b[39m\n                    \u001b[36m</div>\u001b[39m\n                  \u001b[36m</div>\u001b[39m\n                  \u001b[36m<div>\u001b[39m\n                    \u001b[36m<span\u001b[39m\n                      \u001b[33mclass\u001b[39m=\u001b[32m\"text-sm font-bold text-[#6b7280]\"\u001b[39m\n                    \u001b[36m>\u001b[39m\n                      \u001b[0mAddress\u001b[0m\n                    \u001b[36m</span>\u001b[39m\n                    \u001b[36m<p\u001b[39m\n                      \u001b[33mclass\u001b[39m=\u001b[32m\"mt-1.5 text-[13px] leading-[1.35] text-[#4b5563]\"\u001b[39m\n                    \u001b[36m>\u001b[39m\n                      \u001b[0m123 Business Park\u001b[0m\n                    \u001b[36m</p>\u001b[39m\n                  \u001b[36m</div>\u001b[39m\n                  \u001b[36m<div>\u001b[39m\n                    \u001b[36m<span\u001b[39m\n                      \u001b[33mclass\u001b[39m=\u001b[32m\"text-sm font-bold text-[#6b7280]\"\u001b[39m\n                    \u001b[36m>\u001b[39m\n                      \u001b[0mLocation\u001b[0m\n                    \u001b[36m</span>\u001b[39m\n                    \u001b[36m<p\u001b[39m\n                      \u001b[33mclass\u001b[39m=\u001b[32m\"mt-1.5 text-[13px] leading-[1.35] text-[#4b5563]\"\u001b[39m\n                    \u001b[36m>\u001b[39m\n                      \u001b[0mNew York\u001b[0m\n                    \u001b[36m</p>\u001b[39m\n                    \u001b[36m<p\u001b[39m\n                      \u001b[33mclass\u001b[39m=\u001b[32m\"mt-1.5 text-[13px] leading-[1.35] text-[#4b5563]\"\u001b[39m\n                    \u001b[36m>\u001b[39m\n                      \u001b[0mNY\u001b[0m\n                    \u001b[36m</p>\u001b[39m\n                    \u001b[36m<p\u001b[39m\n                      \u001b[33mclass\u001b[39m=\u001b[32m\"mt-1.5 text-[13px] leading-[1.35] text-[#4b5563]\"\u001b[39m\n                    \u001b[36m>\u001b[39m\n                      \u001b[0mUSA\u001b[0m\n                    \u001b[36m</p>\u001b[39m\n                    \u001b[36m<p\u001b[39m\n                      \u001b[33mclass\u001b[39m=\u001b[32m\"mt-1.5 text-[13px] leading-[1.35] text-[#4b5563]\"\u001b[39m\n                    \u001b[36m>\u001b[39m\n                      \u001b[0m10001\u001b[0m\n                    \u001b[36m</p>\u001b[39m\n                  \u001b[36m</div>\u001b[39m\n                \u001b[36m</div>\u001b[39m\n              \u001b[36m</article>\u001b[39m\n              \u001b[36m<article\u001b[39m\n                \u001b[33mclass\u001b[39m=\u001b[32m\"relative grid min-h-[136px] gap-6 rounded-lg border border-[#e7ebf2] bg-[#fbfcfe] px-6 py-[22px] hover:border-[#c9dcfb] hover:shadow-[0_10px_22px_rgba(15,23,42,0.06)] max-[760px]:min-h-0 max-[760px]:p-[18px]\"\u001b[39m\n              \u001b[36m>\u001b[39m\n                \u001b[36m<button\u001b[39m\n                  \u001b[33maria-label\u001b[39m=\u001b[32m\"Open Tech Innovations Ltd\"\u001b[39m\n                  \u001b[33mclass\u001b[39m=\u001b[32m\"absolute inset-0 border-0 opacity-0\"\u001b[39m\n                  \u001b[33mtype\u001b[39m=\u001b[32m\"button\"\u001b[39m\n                \u001b[36m/>\u001b[39m\n                \u001b[36m<div\u001b[39m\n                  \u001b[33mclass\u001b[39m=\u001b[32m\"grid grid-cols-[1fr_auto] items-start gap-8 max-[1100px]:grid-cols-2 max-[760px]:grid-cols-1\"\u001b[39m\n                \u001b[36m>\u001b[39m\n                  \u001b[36m<div\u001b[39m\n                    \u001b[33mclass\u001b[39m=\u001b[32m\"max-[1100px]:col-span-full max-[760px]:col-auto\"\u001b[39m\n                  \u001b[36m>\u001b[39m\n                    \u001b[36m<h3\u001b[39m\n                      \u001b[33mclass\u001b[39m=\u001b[32m\"m-0 text-base font-extrabold leading-tight text-[#263142]\"\u001b[39m\n                    \u001b[36m>\u001b[39m\n                      \u001b[0mTech Innovations Ltd\u001b[0m\n                    \u001b[36m</h3>\u001b[39m\n                    \u001b[36m<p\u001b[39m\n                      \u001b[33mclass\u001b[39m=\u001b[32m\"mt-1.5 text-[13px] leading-[1.35] text-[#4b5563]\"\u001b[39m\n                    \u001b[36m>\u001b[39m\n                      \u001b[0mAI and cloud transformation company\u001b[0m\n                    \u001b[36m</p>\u001b[39m\n                  \u001b[36m</div>\u001b[39m\n                  \u001b[36m<span\u001b[39m\n                    \u001b[33mclass\u001b[39m=\u001b[32m\"justify-self-end whitespace-nowrap text-xs font-extrabold text-[#697386] max-[1100px]:justify-self-start\"\u001b[39m\n                  \u001b[36m>\u001b[39m\n                    \u001b[0m12\u001b[0m\n                    \u001b[0m Members\u001b[0m\n                  \u001b[36m</span>\u001b[39m\n                \u001b[36m</div>\u001b[39m\n                \u001b[36m<div\u001b[39m\n                  \u001b[33mclass\u001b[39m=\u001b[32m\"grid grid-cols-[minmax(280px,1.2fr)_minmax(220px,1fr)_minmax(220px,1fr)] items-start gap-8 max-[1100px]:grid-cols-2 max-[760px]:grid-cols-1\"\u001b[39m\n                \u001b[36m>\u001b[39m\n                  \u001b[36m<div\u001b[39m\n                    \u001b[33mclass\u001b[39m=\u001b[32m\"grid gap-2.5\"\u001b[39m\n                  \u001b[36m>\u001b[39m\n                    \u001b[36m<span\u001b[39m\n                      \u001b[33mclass\u001b[39m=\u001b[32m\"text-sm font-bold text-[#6b7280]\"\u001b[39m\n                    \u001b[36m>\u001b[39m\n                      \u001b[0mOwner\u001b[0m\n                    \u001b[36m</span>\u001b[39m\n                    \u001b[36m<div\u001b[39m\n                      \u001b[33mclass\u001b[39m=\u001b[32m\"grid grid-cols-[auto_1fr] items-center gap-2.5\"\u001b[39m\n                    \u001b[36m>\u001b[39m\n                      \u001b[36m<span\u001b[39m\n                        \u001b[33mclass\u001b[39m=\u001b[32m\"grid size-9 shrink-0 place-items-center rounded-full bg-[#0f7bf2] text-xs font-extrabold text-white\"\u001b[39m\n                      \u001b[36m>\u001b[39m\n                        \u001b[0mSJ\u001b[0m\n                      \u001b[36m</span>\u001b[39m\n                      \u001b[36m<div>\u001b[39m\n                        \u001b[36m<strong\u001b[39m\n                          \u001b[33mclass\u001b[39m=\u001b[32m\"block text-sm leading-tight text-[#263142]\"\u001b[39m\n                        \u001b[36m>\u001b[39m\n                          \u001b[0mSarah Johnson\u001b[0m\n                        \u001b[36m</strong>\u001b[39m\n                        \u001b[36m<span\u001b[39m\n                          \u001b[33mclass\u001b[39m=\u001b[32m\"mt-1 block text-[13px] leading-tight text-[#697386]\"\u001b[39m\n                        \u001b[36m>\u001b[39m\n                          \u001b[0msarah@techinnovations.io\u001b[0m\n                        \u001b[36m</span>\u001b[39m\n                      \u001b[36m</div>\u001b[39m\n                    \u001b[36m</div>\u001b[39m\n                  \u001b[36m</div>\u001b[39m\n                  \u001b[36m<div>\u001b[39m\n                    \u001b[36m<span\u001b[39m\n                      \u001b[33mclass\u001b[39m=\u001b[32m\"text-sm font-bold text-[#6b7280]\"\u001b[39m\n                    \u001b[36m>\u001b[39m\n                      \u001b[0mAddress\u001b[0m\n                    \u001b[36m</span>\u001b[39m\n                    \u001b[36m<p\u001b[39m\n                      \u001b[33mclass\u001b[39m=\u001b[32m\"mt-1.5 text-[13px] leading-[1.35] text-[#4b5563]\"\u001b[39m\n                    \u001b[36m>\u001b[39m\n                      \u001b[0m45 Silicon Avenue\u001b[0m\n                    \u001b[36m</p>\u001b[39m\n                  \u001b[36m</div>\u001b[39m\n                  \u001b[36m<div>\u001b[39m\n                    \u001b[36m<span\u001b[39m\n                      \u001b[33mclass\u001b[39m=\u001b[32m\"text-sm font-bold text-[#6b7280]\"\u001b[39m\n                    \u001b[36m>\u001b[39m\n                      \u001b[0mLocation\u001b[0m\n                    \u001b[36m</span>\u001b[39m\n                    \u001b[36m<p\u001b[39m\n                      \u001b[33mclass\u001b[39m=\u001b[32m\"mt-1.5 text-[13px] leading-[1.35] text-[#4b5563]\"\u001b[39m\n                    \u001b[36m>\u001b[39m\n                      \u001b[0mSan Francisco\u001b[0m\n                    \u001b[36m</p>\u001b[39m\n                    \u001b[36m<p\u001b[39m\n                      \u001b[33mclass\u001b[39m=\u001b[32m\"mt-1.5 text-[13px] leading-[1.35] text-[#4b5563]\"\u001b[39m\n                    \u001b[36m>\u001b[39m\n                      \u001b[0mCA\u001b[0m\n                    \u001b[36m</p>\u001b[39m\n                    \u001b[36m<p\u001b[39m\n                      \u001b[33mclass\u001b[39m=\u001b[32m\"mt-1.5 text-[13px] leading-[1.35] text-[#4b5563]\"\u001b[39m\n                    \u001b[36m>\u001b[39m\n                      \u001b[0mUSA\u001b[0m\n                    \u001b[36m</p>\u001b[39m\n                    \u001b[36m<p\u001b[39m\n                      \u001b[33mclass\u001b[39m=\u001b[32m\"mt-1.5 text-[13px] leading-[1.35] text-[#4b5563]\"\u001b[39m\n                    \u001b[36m>\u001b[39m\n                      \u001b[0m94105\u001b[0m\n                    \u001b[36m</p>\u001b[39m\n                  \u001b[36m</div>\u001b[39m\n                \u001b[36m</div>\u001b[39m\n              \u001b[36m</article>\u001b[39m\n            \u001b[36m</div>\u001b[39m\n          \u001b[36m</section>\u001b[39m\n        \u001b[36m</section>\u001b[39m\n      \u001b[36m</div>\u001b[39m\n    \u001b[36m</body>\u001b[39m\n\u001b[2m\u001b[22m\n\u001b[2m    \u001b[0m \u001b[90m 10 |\u001b[39m     render(\u001b[33m<\u001b[39m\u001b[33mOrganizationListPage\u001b[39m organizations\u001b[33m=\u001b[39m{organizations} onOpenOrganization\u001b[33m=\u001b[39m{jest\u001b[33m.\u001b[39mfn()} \u001b[33m/\u001b[39m\u001b[33m>\u001b[39m)\u001b[33m;\u001b[39m\u001b[22m\n\u001b[2m     \u001b[90m 11 |\u001b[39m\u001b[22m\n\u001b[2m    \u001b[31m\u001b[1m>\u001b[22m\u001b[2m\u001b[39m\u001b[90m 12 |\u001b[39m     expect(screen\u001b[33m.\u001b[39mgetByText(\u001b[35m/organizations/i\u001b[39m))\u001b[33m.\u001b[39mtoBeInTheDocument()\u001b[33m;\u001b[39m\u001b[22m\n\u001b[2m     \u001b[90m    |\u001b[39m                   \u001b[31m\u001b[1m^\u001b[22m\u001b[2m\u001b[39m\u001b[22m\n\u001b[2m     \u001b[90m 13 |\u001b[39m     expect(screen\u001b[33m.\u001b[39mgetByText(\u001b[35m/manage all organizations/i\u001b[39m))\u001b[33m.\u001b[39mtoBeInTheDocument()\u001b[33m;\u001b[39m\u001b[22m\n\u001b[2m     \u001b[90m 14 |\u001b[39m     expect(screen\u001b[33m.\u001b[39mgetByText(\u001b[32m'2'\u001b[39m))\u001b[33m.\u001b[39mtoBeInTheDocument()\u001b[33m;\u001b[39m\u001b[22m\n\u001b[2m     \u001b[90m 15 |\u001b[39m   })\u001b[33m;\u001b[39m\u001b[0m\u001b[22m\n\u001b[2m\u001b[22m\n\u001b[2m      \u001b[2mat Object.getElementError (\u001b[22m\u001b[2mnode_modules/@testing-library/dom/dist/config.js\u001b[2m:37:19)\u001b[22m\u001b[2m\u001b[22m\n\u001b[2m      \u001b[2mat getElementError (\u001b[22m\u001b[2mnode_modules/@testing-library/dom/dist/query-helpers.js\u001b[2m:20:35)\u001b[22m\u001b[2m\u001b[22m\n\u001b[2m      \u001b[2mat getMultipleElementsFoundError (\u001b[22m\u001b[2mnode_modules/@testing-library/dom/dist/query-helpers.js\u001b[2m:23:10)\u001b[22m\u001b[2m\u001b[22m\n\u001b[2m      \u001b[2mat \u001b[22m\u001b[2mnode_modules/@testing-library/dom/dist/query-helpers.js\u001b[2m:55:13\u001b[22m\u001b[2m\u001b[22m\n\u001b[2m      \u001b[2mat \u001b[22m\u001b[2mnode_modules/@testing-library/dom/dist/query-helpers.js\u001b[2m:95:19\u001b[22m\u001b[2m\u001b[22m\n\u001b[2m      \u001b[2mat Object.<anonymous> (\u001b[22m\u001b[2m\u001b[0m\u001b[36msrc/pages/admin/features/organizations/OrganizationListPage.test.tsx\u001b[39m\u001b[0m\u001b[2m:12:19)\u001b[22m\u001b[2m\u001b[22m\n","name":"C:\\Users\\manve\\OneDrive\\Desktop\\tarakki\\tarakki-react\\src\\pages\\admin\\features\\organizations\\OrganizationListPage.test.tsx","startTime":1785930724874,"status":"failed","summary":""},{"assertionResults":[],"coverage":{},"endTime":1785930748333,"message":"  \u001b[1m● \u001b[22mTest suite failed to run\n\n    \u001b[96msrc/pages/admin/features/members/MembersTable.test.tsx\u001b[0m:\u001b[93m10\u001b[0m:\u001b[93m26\u001b[0m - \u001b[91merror\u001b[0m\u001b[90m TS2322: \u001b[0mType '{ id: string; organizationId: string; name: string; email: string; initials: string; role: string; status: string; joinedAt: string; updatedAt: string; }[]' is not assignable to type 'Member[]'.\n      Type '{ id: string; organizationId: string; name: string; email: string; initials: string; role: string; status: string; joinedAt: string; updatedAt: string; }' is not assignable to type 'Member'.\n        Types of property 'role' are incompatible.\n          Type 'string' is not assignable to type 'Role'.\n\n    \u001b[7m10\u001b[0m     render(<MembersTable members={members} />);\n    \u001b[7m  \u001b[0m \u001b[91m                         ~~~~~~~\u001b[0m\n\n      \u001b[96msrc/pages/admin/features/members/MembersTable.tsx\u001b[0m:\u001b[93m5\u001b[0m:\u001b[93m3\u001b[0m\n        \u001b[7m5\u001b[0m   members: Member[];\n        \u001b[7m \u001b[0m \u001b[96m  ~~~~~~~\u001b[0m\n        The expected type comes from property 'members' which is declared here on type 'IntrinsicAttributes & MembersTableProps'\n","name":"C:\\Users\\manve\\OneDrive\\Desktop\\tarakki\\tarakki-react\\src\\pages\\admin\\features\\members\\MembersTable.test.tsx","startTime":1785930748333,"status":"failed","summary":""},{"assertionResults":[],"coverage":{},"endTime":1785930748333,"message":"  \u001b[1m● \u001b[22mTest suite failed to run\n\n    \u001b[96msrc/pages/admin/features/organizations/DashboardPage.test.tsx\u001b[0m:\u001b[93m11\u001b[0m:\u001b[93m57\u001b[0m - \u001b[91merror\u001b[0m\u001b[90m TS2322: \u001b[0mType '{ \"1\": { id: string; organizationId: string; name: string; email: string; initials: string; role: string; status: string; joinedAt: string; updatedAt: string; }[]; \"2\": { id: string; organizationId: string; name: string; email: string; initials: string; role: string; status: string; joinedAt: string; updatedAt: stri...' is not assignable to type 'Record<string, Member[]>'.\n      Property '\"1\"' is incompatible with index signature.\n        Type '{ id: string; organizationId: string; name: string; email: string; initials: string; role: string; status: string; joinedAt: string; updatedAt: string; }[]' is not assignable to type 'Member[]'.\n          Type '{ id: string; organizationId: string; name: string; email: string; initials: string; role: string; status: string; joinedAt: string; updatedAt: string; }' is not assignable to type 'Member'.\n            Types of property 'role' are incompatible.\n              Type 'string' is not assignable to type 'Role'.\n\n    \u001b[7m11\u001b[0m     render(<DashboardPage organizations={organizations} membersByOrganization={membersByOrganization} />);\n    \u001b[7m  \u001b[0m \u001b[91m                                                        ~~~~~~~~~~~~~~~~~~~~~\u001b[0m\n\n      \u001b[96msrc/pages/admin/features/organizations/DashboardPage.tsx\u001b[0m:\u001b[93m6\u001b[0m:\u001b[93m3\u001b[0m\n        \u001b[7m6\u001b[0m   membersByOrganization: Record<string, Member[]>;\n        \u001b[7m \u001b[0m \u001b[96m  ~~~~~~~~~~~~~~~~~~~~~\u001b[0m\n        The expected type comes from property 'membersByOrganization' which is declared here on type 'IntrinsicAttributes & DashboardPageProps'\n","name":"C:\\Users\\manve\\OneDrive\\Desktop\\tarakki\\tarakki-react\\src\\pages\\admin\\features\\organizations\\DashboardPage.test.tsx","startTime":1785930748333,"status":"failed","summary":""},{"assertionResults":[],"coverage":{},"endTime":1785930748333,"message":"  \u001b[1m● \u001b[22mTest suite failed to run\n\n    \u001b[96msrc/pages/admin/features/members/MembersPage.test.tsx\u001b[0m:\u001b[93m11\u001b[0m:\u001b[93m53\u001b[0m - \u001b[91merror\u001b[0m\u001b[90m TS2322: \u001b[0mType '{ id: string; organizationId: string; name: string; email: string; initials: string; role: string; status: string; joinedAt: string; updatedAt: string; }[]' is not assignable to type 'Member[]'.\n      Type '{ id: string; organizationId: string; name: string; email: string; initials: string; role: string; status: string; joinedAt: string; updatedAt: string; }' is not assignable to type 'Member'.\n        Types of property 'role' are incompatible.\n          Type 'string' is not assignable to type 'Role'.\n\n    \u001b[7m11\u001b[0m     render(<MembersPage organization={organization} members={members} onBack={jest.fn()} />);\n    \u001b[7m  \u001b[0m \u001b[91m                                                    ~~~~~~~\u001b[0m\n\n      \u001b[96msrc/pages/admin/features/members/MembersPage.tsx\u001b[0m:\u001b[93m7\u001b[0m:\u001b[93m3\u001b[0m\n        \u001b[7m7\u001b[0m   members: Member[];\n        \u001b[7m \u001b[0m \u001b[96m  ~~~~~~~\u001b[0m\n        The expected type comes from property 'members' which is declared here on type 'IntrinsicAttributes & MembersPageProps'\n","name":"C:\\Users\\manve\\OneDrive\\Desktop\\tarakki\\tarakki-react\\src\\pages\\admin\\features\\members\\MembersPage.test.tsx","startTime":1785930748333,"status":"failed","summary":""},{"assertionResults":[],"coverage":{},"endTime":1785930748333,"message":"  \u001b[1m● \u001b[22mTest suite failed to run\n\n    \u001b[96msrc/pages/admin/features/members/MemberDirectory.test.tsx\u001b[0m:\u001b[93m10\u001b[0m:\u001b[93m29\u001b[0m - \u001b[91merror\u001b[0m\u001b[90m TS2322: \u001b[0mType '{ id: string; organizationId: string; name: string; email: string; initials: string; role: string; status: string; joinedAt: string; updatedAt: string; }[]' is not assignable to type 'Member[]'.\n      Type '{ id: string; organizationId: string; name: string; email: string; initials: string; role: string; status: string; joinedAt: string; updatedAt: string; }' is not assignable to type 'Member'.\n        Types of property 'role' are incompatible.\n          Type 'string' is not assignable to type 'Role'.\n\n    \u001b[7m10\u001b[0m     render(<MemberDirectory members={members} />);\n    \u001b[7m  \u001b[0m \u001b[91m                            ~~~~~~~\u001b[0m\n\n      \u001b[96msrc/pages/admin/features/members/MemberDirectory.tsx\u001b[0m:\u001b[93m7\u001b[0m:\u001b[93m3\u001b[0m\n        \u001b[7m7\u001b[0m   members: Member[];\n        \u001b[7m \u001b[0m \u001b[96m  ~~~~~~~\u001b[0m\n        The expected type comes from property 'members' which is declared here on type 'IntrinsicAttributes & MemberDirectoryProps'\n    \u001b[96msrc/pages/admin/features/members/MemberDirectory.test.tsx\u001b[0m:\u001b[93m19\u001b[0m:\u001b[93m29\u001b[0m - \u001b[91merror\u001b[0m\u001b[90m TS2322: \u001b[0mType '{ id: string; organizationId: string; name: string; email: string; initials: string; role: string; status: string; joinedAt: string; updatedAt: string; }[]' is not assignable to type 'Member[]'.\n      Type '{ id: string; organizationId: string; name: string; email: string; initials: string; role: string; status: string; joinedAt: string; updatedAt: string; }' is not assignable to type 'Member'.\n        Types of property 'role' are incompatible.\n          Type 'string' is not assignable to type 'Role'.\n\n    \u001b[7m19\u001b[0m     render(<MemberDirectory members={members} />);\n    \u001b[7m  \u001b[0m \u001b[91m                            ~~~~~~~\u001b[0m\n\n      \u001b[96msrc/pages/admin/features/members/MemberDirectory.tsx\u001b[0m:\u001b[93m7\u001b[0m:\u001b[93m3\u001b[0m\n        \u001b[7m7\u001b[0m   members: Member[];\n        \u001b[7m \u001b[0m \u001b[96m  ~~~~~~~\u001b[0m\n        The expected type comes from property 'members' which is declared here on type 'IntrinsicAttributes & MemberDirectoryProps'\n","name":"C:\\Users\\manve\\OneDrive\\Desktop\\tarakki\\tarakki-react\\src\\pages\\admin\\features\\members\\MemberDirectory.test.tsx","startTime":1785930748333,"status":"failed","summary":""},{"assertionResults":[],"coverage":{},"endTime":1785930748333,"message":"  \u001b[1m● \u001b[22mTest suite failed to run\n\n    \u001b[96msrc/pages/admin/AdminDashboard.test.tsx\u001b[0m:\u001b[93m4\u001b[0m:\u001b[93m78\u001b[0m - \u001b[91merror\u001b[0m\u001b[90m TS2307: \u001b[0mCannot find module '../../../test-utils/factories' or its corresponding type declarations.\n\n    \u001b[7m4\u001b[0m import { adminOrganizationsFactory, adminMembersByOrganizationFactory } from '../../../test-utils/factories';\n    \u001b[7m \u001b[0m \u001b[91m                                                                             ~~~~~~~~~~~~~~~~~~~~~~~~~~~~~~~\u001b[0m\n","name":"C:\\Users\\manve\\OneDrive\\Desktop\\tarakki\\tarakki-react\\src\\pages\\admin\\AdminDashboard.test.tsx","startTime":1785930748333,"status":"failed","summary":""},{"assertionResults":[],"coverage":{},"endTime":1785930748333,"message":"  \u001b[1m● \u001b[22mTest suite failed to run\n\n    Cannot find module '../../services/axios' from 'src/services/AdminOrganizationService.test.ts'\n\n    \u001b[0m \u001b[90m 12 |\u001b[39m } \u001b[36mfrom\u001b[39m \u001b[32m\"../test-utils/factories\"\u001b[39m\u001b[33m;\u001b[39m\n     \u001b[90m 13 |\u001b[39m\n    \u001b[31m\u001b[1m>\u001b[22m\u001b[39m\u001b[90m 14 |\u001b[39m jest\u001b[33m.\u001b[39mmock(\u001b[32m\"../../services/axios\"\u001b[39m\u001b[33m,\u001b[39m () \u001b[33m=>\u001b[39m ({\n     \u001b[90m    |\u001b[39m      \u001b[31m\u001b[1m^\u001b[22m\u001b[39m\n     \u001b[90m 15 |\u001b[39m   __esModule\u001b[33m:\u001b[39m \u001b[36mtrue\u001b[39m\u001b[33m,\u001b[39m\n     \u001b[90m 16 |\u001b[39m   \u001b[36mdefault\u001b[39m\u001b[33m:\u001b[39m {\n     \u001b[90m 17 |\u001b[39m     \u001b[36mget\u001b[39m\u001b[33m:\u001b[39m jest\u001b[33m.\u001b[39mfn()\u001b[33m,\u001b[39m\u001b[0m\n\n      \u001b[2mat Resolver._throwModNotFoundError (\u001b[22mnode_modules/jest-resolve/build/index.js\u001b[2m:863:11)\u001b[22m\n      \u001b[2mat Object.<anonymous> (\u001b[22m\u001b[0m\u001b[36msrc/services/AdminOrganizationService.test.ts\u001b[39m\u001b[0m\u001b[2m:14:6)\u001b[22m\n","name":"C:\\Users\\manve\\OneDrive\\Desktop\\tarakki\\tarakki-react\\src\\services\\AdminOrganizationService.test.ts","startTime":1785930748333,"status":"failed","summary":""},{"assertionResults":[{"ancestorTitles":["CreateOrganizationForm"],"duration":101,"failing":false,"failureDetails":[],"failureMessages":[],"fullName":"CreateOrganizationForm renders the create organization form fields and buttons","invocations":1,"location":null,"numPassingAsserts":10,"retryReasons":[],"startAt":1785930728683,"status":"passed","title":"renders the create organization form fields and buttons"},{"ancestorTitles":["CreateOrganizationForm"],"duration":79,"failing":false,"failureDetails":[],"failureMessages":[],"fullName":"CreateOrganizationForm calls onCancel when cancel button is clicked","invocations":1,"location":null,"numPassingAsserts":1,"retryReasons":[],"startAt":1785930728785,"status":"passed","title":"calls onCancel when cancel button is clicked"},{"ancestorTitles":["CreateOrganizationForm"],"duration":64,"failing":false,"failureDetails":[],"failureMessages":[],"fullName":"CreateOrganizationForm navigates to /organization-decision when cancel button is clicked and onCancel is not provided","invocations":1,"location":null,"numPassingAsserts":1,"retryReasons":[],"startAt":1785930728864,"status":"passed","title":"navigates to /organization-decision when cancel button is clicked and onCancel is not provided"},{"ancestorTitles":["CreateOrganizationForm"],"duration":93,"failing":false,"failureDetails":[],"failureMessages":[],"fullName":"CreateOrganizationForm shows validation errors when submitting an empty form","invocations":1,"location":null,"numPassingAsserts":7,"retryReasons":[],"startAt":1785930728928,"status":"passed","title":"shows validation errors when submitting an empty form"},{"ancestorTitles":["CreateOrganizationForm"],"duration":1864,"failing":false,"failureDetails":[],"failureMessages":[],"fullName":"CreateOrganizationForm submits the form successfully and shows a success toast","invocations":1,"location":null,"numPassingAsserts":3,"retryReasons":[],"startAt":1785930729021,"status":"passed","title":"submits the form successfully and shows a success toast"},{"ancestorTitles":["CreateOrganizationForm"],"duration":1879,"failing":false,"failureDetails":[],"failureMessages":[],"fullName":"CreateOrganizationForm shows a global error and field-level error when the API returns validation errors","invocations":1,"location":null,"numPassingAsserts":3,"retryReasons":[],"startAt":1785930730885,"status":"passed","title":"shows a global error and field-level error when the API returns validation errors"},{"ancestorTitles":["CreateOrganizationForm"],"duration":1758,"failing":false,"failureDetails":[],"failureMessages":[],"fullName":"CreateOrganizationForm shows a global error and toast error on network failure","invocations":1,"location":null,"numPassingAsserts":2,"retryReasons":[],"startAt":1785930732765,"status":"passed","title":"shows a global error and toast error on network failure"}],"endTime":1785930734525,"message":"","name":"C:\\Users\\manve\\OneDrive\\Desktop\\tarakki\\tarakki-react\\src\\pages\\organization\\createOrganisation\\CreateOrganizationForm.test.tsx","startTime":1785930727713,"status":"passed","summary":""},{"assertionResults":[{"ancestorTitles":["Step1Signup"],"duration":6,"failing":false,"failureDetails":[],"failureMessages":[],"fullName":"Step1Signup renders correctly","invocations":1,"location":null,"numPassingAsserts":2,"retryReasons":[],"startAt":1785930734963,"status":"passed","title":"renders correctly"},{"ancestorTitles":["Step1Signup"],"duration":380,"failing":false,"failureDetails":[],"failureMessages":[],"fullName":"Step1Signup validates email and calls onNext when email does not exist","invocations":1,"location":null,"numPassingAsserts":3,"retryReasons":[],"startAt":1785930734969,"status":"passed","title":"validates email and calls onNext when email does not exist"},{"ancestorTitles":["Step1Signup"],"duration":332,"failing":false,"failureDetails":[],"failureMessages":[],"fullName":"Step1Signup shows error for invalid email","invocations":1,"location":null,"numPassingAsserts":2,"retryReasons":[],"startAt":1785930735349,"status":"passed","title":"shows error for invalid email"},{"ancestorTitles":["Step1Signup"],"duration":379,"failing":false,"failureDetails":[],"failureMessages":[],"fullName":"Step1Signup shows error if member with email already exists","invocations":1,"location":null,"numPassingAsserts":3,"retryReasons":[],"startAt":1785930735682,"status":"passed","title":"shows error if member with email already exists"},{"ancestorTitles":["Step1Signup"],"duration":361,"failing":false,"failureDetails":[],"failureMessages":[],"fullName":"Step1Signup calls on Next when email not exist","invocations":1,"location":null,"numPassingAsserts":3,"retryReasons":[],"startAt":1785930736061,"status":"passed","title":"calls on Next when email not exist"},{"ancestorTitles":["Step1Signup"],"duration":398,"failing":false,"failureDetails":[],"failureMessages":[],"fullName":"Step1Signup shows a generic error when the email check service fails","invocations":1,"location":null,"numPassingAsserts":2,"retryReasons":[],"startAt":1785930736422,"status":"passed","title":"shows a generic error when the email check service fails"}],"endTime":1785930736820,"message":"","name":"C:\\Users\\manve\\OneDrive\\Desktop\\tarakki\\tarakki-react\\src\\pages\\onboarding\\steps\\Step1Signup.test.tsx","startTime":1785930734544,"status":"passed","summary":""},{"assertionResults":[{"ancestorTitles":["UserProfile"],"duration":7,"failing":false,"failureDetails":[],"failureMessages":[],"fullName":"UserProfile shows error when memberId is missing","invocations":1,"location":null,"numPassingAsserts":1,"retryReasons":[],"startAt":1785930737242,"status":"passed","title":"shows error when memberId is missing"},{"ancestorTitles":["UserProfile"],"duration":27,"failing":false,"failureDetails":[],"failureMessages":[],"fullName":"UserProfile displays member details after successful fetch","invocations":1,"location":null,"numPassingAsserts":3,"retryReasons":[],"startAt":1785930737249,"status":"passed","title":"displays member details after successful fetch"},{"ancestorTitles":["UserProfile"],"duration":21,"failing":false,"failureDetails":[],"failureMessages":[],"fullName":"UserProfile shows error when member fetch fails","invocations":1,"location":null,"numPassingAsserts":1,"retryReasons":[],"startAt":1785930737276,"status":"passed","title":"shows error when member fetch fails"},{"ancestorTitles":["UserProfile"],"duration":101,"failing":false,"failureDetails":[],"failureMessages":[],"fullName":"UserProfile enters edit mode when Edit Profile is clicked","invocations":1,"location":null,"numPassingAsserts":2,"retryReasons":[],"startAt":1785930737297,"status":"passed","title":"enters edit mode when Edit Profile is clicked"},{"ancestorTitles":["UserProfile"],"duration":330,"failing":false,"failureDetails":[],"failureMessages":[],"fullName":"UserProfile restores original values when Cancel is clicked","invocations":1,"location":null,"numPassingAsserts":5,"retryReasons":[],"startAt":1785930737398,"status":"passed","title":"restores original values when Cancel is clicked"},{"ancestorTitles":["UserProfile"],"duration":334,"failing":false,"failureDetails":[],"failureMessages":[],"fullName":"UserProfile updates displayed values when Save changes is clicked","invocations":1,"location":null,"numPassingAsserts":5,"retryReasons":[],"startAt":1785930737728,"status":"passed","title":"updates displayed values when Save changes is clicked"},{"ancestorTitles":["UserProfile"],"duration":155,"failing":false,"failureDetails":[],"failureMessages":[],"fullName":"UserProfile shows success alert after saving","invocations":1,"location":null,"numPassingAsserts":1,"retryReasons":[],"startAt":1785930738062,"status":"passed","title":"shows success alert after saving"}],"endTime":1785930738217,"message":"","name":"C:\\Users\\manve\\OneDrive\\Desktop\\tarakki\\tarakki-react\\src\\pages\\user\\UserProfile.test.tsx","startTime":1785930736829,"status":"passed","summary":""},{"assertionResults":[{"ancestorTitles":["CreateBoard"],"duration":25,"failing":false,"failureDetails":[],"failureMessages":[],"fullName":"CreateBoard renders the form correctly","invocations":1,"location":null,"numPassingAsserts":8,"retryReasons":[],"startAt":1785930738682,"status":"passed","title":"renders the form correctly"},{"ancestorTitles":["CreateBoard"],"duration":93,"failing":false,"failureDetails":[],"failureMessages":[],"fullName":"CreateBoard shows validation errors when fields are empty","invocations":1,"location":null,"numPassingAsserts":3,"retryReasons":[],"startAt":1785930738708,"status":"passed","title":"shows validation errors when fields are empty"},{"ancestorTitles":["CreateBoard"],"duration":587,"failing":false,"failureDetails":[],"failureMessages":[],"fullName":"CreateBoard calls BoardService and shows success toast on valid submission","invocations":1,"location":null,"numPassingAsserts":2,"retryReasons":[],"startAt":1785930738801,"status":"passed","title":"calls BoardService and shows success toast on valid submission"},{"ancestorTitles":["CreateBoard"],"duration":585,"failing":false,"failureDetails":[],"failureMessages":[],"fullName":"CreateBoard shows error toast on API failure","invocations":1,"location":null,"numPassingAsserts":1,"retryReasons":[],"startAt":1785930739388,"status":"passed","title":"shows error toast on API failure"}],"endTime":1785930739974,"message":"","name":"C:\\Users\\manve\\OneDrive\\Desktop\\tarakki\\tarakki-react\\src\\pages\\board\\CreateBoard.test.tsx","startTime":1785930738224,"status":"passed","summary":""},{"assertionResults":[{"ancestorTitles":["OnboardingFlow"],"duration":8,"failing":false,"failureDetails":[],"failureMessages":[],"fullName":"OnboardingFlow renders Step 1 initially","invocations":1,"location":null,"numPassingAsserts":1,"retryReasons":[],"startAt":1785930740326,"status":"passed","title":"renders Step 1 initially"},{"ancestorTitles":["OnboardingFlow"],"duration":345,"failing":false,"failureDetails":[],"failureMessages":[],"fullName":"OnboardingFlow navigates to Step 2 when Next is clicked in Step 1","invocations":1,"location":null,"numPassingAsserts":1,"retryReasons":[],"startAt":1785930740334,"status":"passed","title":"navigates to Step 2 when Next is clicked in Step 1"},{"ancestorTitles":["OnboardingFlow"],"duration":392,"failing":false,"failureDetails":[],"failureMessages":[],"fullName":"OnboardingFlow navigates back to Step 1 when Back is clicked in Step 2","invocations":1,"location":null,"numPassingAsserts":1,"retryReasons":[],"startAt":1785930740679,"status":"passed","title":"navigates back to Step 1 when Back is clicked in Step 2"},{"ancestorTitles":["OnboardingFlow"],"duration":351,"failing":false,"failureDetails":[],"failureMessages":[],"fullName":"OnboardingFlow navigates to /organization-decision after step 3 completes","invocations":1,"location":null,"numPassingAsserts":1,"retryReasons":[],"startAt":1785930741071,"status":"passed","title":"navigates to /organization-decision after step 3 completes"}],"endTime":1785930741423,"message":"","name":"C:\\Users\\manve\\OneDrive\\Desktop\\tarakki\\tarakki-react\\src\\pages\\onboarding\\OnboardingFlow.test.tsx","startTime":1785930739987,"status":"passed","summary":""},{"assertionResults":[{"ancestorTitles":["App Component"],"duration":18,"failing":false,"failureDetails":[],"failureMessages":[],"fullName":"App Component renders the application and shows onboarding","invocations":1,"location":null,"numPassingAsserts":1,"retryReasons":[],"startAt":1785930742434,"status":"passed","title":"renders the application and shows onboarding"}],"endTime":1785930742452,"message":"","name":"C:\\Users\\manve\\OneDrive\\Desktop\\tarakki\\tarakki-react\\src\\App.test.tsx","startTime":1785930741431,"status":"passed","summary":""},{"assertionResults":[{"ancestorTitles":["OrganizationDecision"],"duration":25,"failing":false,"failureDetails":[],"failureMessages":[],"fullName":"OrganizationDecision renders the organization decision options with personalized title","invocations":1,"location":null,"numPassingAsserts":4,"retryReasons":[],"startAt":1785930742669,"status":"passed","title":"renders the organization decision options with personalized title"},{"ancestorTitles":["OrganizationDecision"],"duration":17,"failing":false,"failureDetails":[],"failureMessages":[],"fullName":"OrganizationDecision renders a generic title when firstName is missing from localStorage","invocations":1,"location":null,"numPassingAsserts":1,"retryReasons":[],"startAt":1785930742695,"status":"passed","title":"renders a generic title when firstName is missing from localStorage"},{"ancestorTitles":["OrganizationDecision"],"duration":7,"failing":false,"failureDetails":[],"failureMessages":[],"fullName":"OrganizationDecision initially disables the continue button","invocations":1,"location":null,"numPassingAsserts":1,"retryReasons":[],"startAt":1785930742713,"status":"passed","title":"initially disables the continue button"},{"ancestorTitles":["OrganizationDecision"],"duration":16,"failing":false,"failureDetails":[],"failureMessages":[],"fullName":"OrganizationDecision enables the continue button when \"Join an Organization\" is selected","invocations":1,"location":null,"numPassingAsserts":1,"retryReasons":[],"startAt":1785930742721,"status":"passed","title":"enables the continue button when \"Join an Organization\" is selected"},{"ancestorTitles":["OrganizationDecision"],"duration":13,"failing":false,"failureDetails":[],"failureMessages":[],"fullName":"OrganizationDecision enables the continue button when \"Create an Organization\" is selected","invocations":1,"location":null,"numPassingAsserts":1,"retryReasons":[],"startAt":1785930742737,"status":"passed","title":"enables the continue button when \"Create an Organization\" is selected"},{"ancestorTitles":["OrganizationDecision"],"duration":14,"failing":false,"failureDetails":[],"failureMessages":[],"fullName":"OrganizationDecision navigates to /create-organization when \"Create an Organization\" is selected and Continue is clicked","invocations":1,"location":null,"numPassingAsserts":1,"retryReasons":[],"startAt":1785930742750,"status":"passed","title":"navigates to /create-organization when \"Create an Organization\" is selected and Continue is clicked"},{"ancestorTitles":["OrganizationDecision"],"duration":16,"failing":false,"failureDetails":[],"failureMessages":[],"fullName":"OrganizationDecision does not navigate when \"Join an Organization\" is selected and Continue is clicked","invocations":1,"location":null,"numPassingAsserts":1,"retryReasons":[],"startAt":1785930742765,"status":"passed","title":"does not navigate when \"Join an Organization\" is selected and Continue is clicked"}],"endTime":1785930742782,"message":"","name":"C:\\Users\\manve\\OneDrive\\Desktop\\tarakki\\tarakki-react\\src\\pages\\organization\\organizationDecision\\OrganizationDecision.test.tsx","startTime":1785930742459,"status":"passed","summary":""},{"assertionResults":[{"ancestorTitles":["Step2ProfileInfo"],"duration":5,"failing":false,"failureDetails":[],"failureMessages":[],"fullName":"Step2ProfileInfo renders correctly","invoc
[...]
menu item"}],"endTime":1785930744266,"message":"","name":"C:\\Users\\manve\\OneDrive\\Desktop\\tarakki\\tarakki-react\\src\\components\\Sidebar.test.tsx","startTime":1785930744094,"status":"passed","summary":""},{"assertionResults":[{"ancestorTitles":["PageBackground"],"duration":3,"failing":false,"failureDetails":[],"failureMessages":[],"fullName":"PageBackground renders without crashing","invocations":1,"location":null,"numPassingAsserts":1,"retryReasons":[],"startAt":1785930744432,"status":"passed","title":"renders without crashing"},{"ancestorTitles":["PageBackground"],"duration":2,"failing":false,"failureDetails":[],"failureMessages":[],"fullName":"PageBackground contains the dot pattern and gradient orbs","invocations":1,"location":null,"numPassingAsserts":1,"retryReasons":[],"startAt":1785930744435,"status":"passed","title":"contains the dot pattern and gradient orbs"}],"endTime":1785930744437,"message":"","name":"C:\\Users\\manve\\OneDrive\\Desktop\\tarakki\\tarakki-react\\src\\components\\PageBackground.test.tsx","startTime":1785930744271,"status":"passed","summary":""},{"assertionResults":[{"ancestorTitles":["AppShell"],"duration":12,"failing":false,"failureDetails":[],"failureMessages":[],"fullName":"AppShell renders the topbar, sidebar, and children content","invocations":1,"location":null,"numPassingAsserts":4,"retryReasons":[],"startAt":1785930744618,"status":"passed","title":"renders the topbar, sidebar, and children content"},{"ancestorTitles":["AppShell"],"duration":6,"failing":false,"failureDetails":[],"failureMessages":[],"fullName":"AppShell forwards navigation selection changes to the callback","invocations":1,"location":null,"numPassingAsserts":2,"retryReasons":[],"startAt":1785930744630,"status":"passed","title":"forwards navigation selection changes to the callback"}],"endTime":1785930744637,"message":"","name":"C:\\Users\\manve\\OneDrive\\Desktop\\tarakki\\tarakki-react\\src\\components\\AppShell.test.tsx","startTime":1785930744444,"status":"passed","summary":""},{"assertionResults":[{"ancestorTitles":["DecisionCard"],"duration":4,"failing":false,"failureDetails":[],"failureMessages":[],"fullName":"DecisionCard renders title and description","invocations":1,"location":null,"numPassingAsserts":2,"retryReasons":[],"startAt":1785930744843,"status":"passed","title":"renders title and description"},{"ancestorTitles":["DecisionCard"],"duration":4,"failing":false,"failureDetails":[],"failureMessages":[],"fullName":"DecisionCard calls onClick when clicked","invocations":1,"location":null,"numPassingAsserts":1,"retryReasons":[],"startAt":1785930744848,"status":"passed","title":"calls onClick when clicked"},{"ancestorTitles":["DecisionCard"],"duration":4,"failing":false,"failureDetails":[],"failureMessages":[],"fullName":"DecisionCard renders checkmark when selected","invocations":1,"location":null,"numPassingAsserts":2,"retryReasons":[],"startAt":1785930744852,"status":"passed","title":"renders checkmark when selected"}],"endTime":1785930744856,"message":"","name":"C:\\Users\\manve\\OneDrive\\Desktop\\tarakki\\tarakki-react\\src\\components\\DecisionCard.test.tsx","startTime":1785930744655,"status":"passed","summary":""},{"assertionResults":[{"ancestorTitles":["FormTextarea"],"duration":7,"failing":false,"failureDetails":[],"failureMessages":[],"fullName":"FormTextarea renders the label and textarea","invocations":1,"location":null,"numPassingAsserts":1,"retryReasons":[],"startAt":1785930745078,"status":"passed","title":"renders the label and textarea"},{"ancestorTitles":["FormTextarea"],"duration":2,"failing":false,"failureDetails":[],"failureMessages":[],"fullName":"FormTextarea displays error message when error prop is provided","invocations":1,"location":null,"numPassingAsserts":3,"retryReasons":[],"startAt":1785930745085,"status":"passed","title":"displays error message when error prop is provided"},{"ancestorTitles":["FormTextarea"],"duration":2,"failing":false,"failureDetails":[],"failureMessages":[],"fullName":"FormTextarea passes other props to the textarea element","invocations":1,"location":null,"numPassingAsserts":1,"retryReasons":[],"startAt":1785930745087,"status":"passed","title":"passes other props to the textarea element"},{"ancestorTitles":["FormTextarea"],"duration":2,"failing":false,"failureDetails":[],"failureMessages":[],"fullName":"FormTextarea merges custom className with default classes","invocations":1,"location":null,"numPassingAsserts":2,"retryReasons":[],"startAt":1785930745089,"status":"passed","title":"merges custom className with default classes"},{"ancestorTitles":["FormTextarea"],"duration":4,"failing":false,"failureDetails":[],"failureMessages":[],"fullName":"FormTextarea displays character count when showCount is true","invocations":1,"location":null,"numPassingAsserts":1,"retryReasons":[],"startAt":1785930745091,"status":"passed","title":"displays character count when showCount is true"},{"ancestorTitles":["FormTextarea"],"duration":1,"failing":false,"failureDetails":[],"failureMessages":[],"fullName":"FormTextarea displays only current character count when maxLength is not provided","invocations":1,"location":null,"numPassingAsserts":1,"retryReasons":[],"startAt":1785930745095,"status":"passed","title":"displays only current character count when maxLength is not provided"}],"endTime":1785930745097,"message":"","name":"C:\\Users\\manve\\OneDrive\\Desktop\\tarakki\\tarakki-react\\src\\components\\FormTextarea.test.tsx","startTime":1785930744863,"status":"passed","summary":""},{"assertionResults":[{"ancestorTitles":["PrimaryButton"],"duration":5,"failing":false,"failureDetails":[],"failureMessages":[],"fullName":"PrimaryButton renders children correctly","invocations":1,"location":null,"numPassingAsserts":1,"retryReasons":[],"startAt":1785930745263,"status":"passed","title":"renders children correctly"},{"ancestorTitles":["PrimaryButton"],"duration":3,"failing":false,"failureDetails":[],"failureMessages":[],"fullName":"PrimaryButton handles click events","invocations":1,"location":null,"numPassingAsserts":1,"retryReasons":[],"startAt":1785930745268,"status":"passed","title":"handles click events"},{"ancestorTitles":["PrimaryButton"],"duration":1,"failing":false,"failureDetails":[],"failureMessages":[],"fullName":"PrimaryButton applies custom className","invocations":1,"location":null,"numPassingAsserts":1,"retryReasons":[],"startAt":1785930745271,"status":"passed","title":"applies custom className"}],"endTime":1785930745273,"message":"","name":"C:\\Users\\manve\\OneDrive\\Desktop\\tarakki\\tarakki-react\\src\\components\\PrimaryButton.test.tsx","startTime":1785930745102,"status":"passed","summary":""},{"assertionResults":[{"ancestorTitles":["OnboardingLayout"],"duration":5,"failing":false,"failureDetails":[],"failureMessages":[],"fullName":"OnboardingLayout renders children and illustration","invocations":1,"location":null,"numPassingAsserts":2,"retryReasons":[],"startAt":1785930745457,"status":"passed","title":"renders children and illustration"},{"ancestorTitles":["OnboardingLayout"],"duration":2,"failing":false,"failureDetails":[],"failureMessages":[],"fullName":"OnboardingLayout applies correct gradient class for purple type","invocations":1,"location":null,"numPassingAsserts":1,"retryReasons":[],"startAt":1785930745462,"status":"passed","title":"applies correct gradient class for purple type"},{"ancestorTitles":["OnboardingLayout"],"duration":1,"failing":false,"failureDetails":[],"failureMessages":[],"fullName":"OnboardingLayout applies correct gradient class for yellow type","invocations":1,"location":null,"numPassingAsserts":1,"retryReasons":[],"startAt":1785930745464,"status":"passed","title":"applies correct gradient class for yellow type"}],"endTime":1785930745466,"message":"","name":"C:\\Users\\manve\\OneDrive\\Desktop\\tarakki\\tarakki-react\\src\\pages\\onboarding\\OnboardingLayout.test.tsx","startTime":1785930745291,"status":"passed","summary":""},{"assertionResults":[{"ancestorTitles":["OrganizationCard"],"duration":7,"failing":false,"failureDetails":[],"failureMessages":[],"fullName":"OrganizationCard renders organization summary details","invocations":1,"location":null,"numPassingAsserts":4,"retryReasons":[],"startAt":1785930745621,"status":"passed","title":"renders organization summary details"},{"ancestorTitles":["OrganizationCard"],"duration":3,"failing":false,"failureDetails":[],"failureMessages":[],"fullName":"OrganizationCard invokes the open callback when clicked","invocations":1,"location":null,"numPassingAsserts":1,"retryReasons":[],"startAt":1785930745628,"status":"passed","title":"invokes the open callback when clicked"}],"endTime":1785930745632,"message":"","name":"C:\\Users\\manve\\OneDrive\\Desktop\\tarakki\\tarakki-react\\src\\pages\\admin\\features\\organizations\\OrganizationCard.test.tsx","startTime":1785930745472,"status":"passed","summary":""},{"assertionResults":[{"ancestorTitles":["FormInput"],"duration":6,"failing":false,"failureDetails":[],"failureMessages":[],"fullName":"FormInput renders the label and input","invocations":1,"location":null,"numPassingAsserts":1,"retryReasons":[],"startAt":1785930745788,"status":"passed","title":"renders the label and input"},{"ancestorTitles":["FormInput"],"duration":3,"failing":false,"failureDetails":[],"failureMessages":[],"fullName":"FormInput displays error message when error prop is provided","invocations":1,"location":null,"numPassingAsserts":3,"retryReasons":[],"startAt":1785930745794,"status":"passed","title":"displays error message when error prop is provided"},{"ancestorTitles":["FormInput"],"duration":1,"failing":false,"failureDetails":[],"failureMessages":[],"fullName":"FormInput passes other props to the input element","invocations":1,"location":null,"numPassingAsserts":1,"retryReasons":[],"startAt":1785930745797,"status":"passed","title":"passes other props to the input element"},{"ancestorTitles":["FormInput"],"duration":2,"failing":false,"failureDetails":[],"failureMessages":[],"fullName":"FormInput merges custom className with default classes","invocations":1,"location":null,"numPassingAsserts":2,"retryReasons":[],"startAt":1785930745798,"status":"passed","title":"merges custom className with default classes"},{"ancestorTitles":["FormInput"],"duration":2,"failing":false,"failureDetails":[],"failureMessages":[],"fullName":"FormInput displays character count when showCount is true","invocations":1,"location":null,"numPassingAsserts":1,"retryReasons":[],"startAt":1785930745800,"status":"passed","title":"displays character count when showCount is true"},{"ancestorTitles":["FormInput"],"duration":1,"failing":false,"failureDetails":[],"failureMessages":[],"fullName":"FormInput displays only current character count when maxLength is not provided","invocations":1,"location":null,"numPassingAsserts":1,"retryReasons":[],"startAt":1785930745802,"status":"passed","title":"displays only current character count when maxLength is not provided"}],"endTime":1785930745804,"message":"","name":"C:\\Users\\manve\\OneDrive\\Desktop\\tarakki\\tarakki-react\\src\\components\\FormInput.test.tsx","startTime":1785930745638,"status":"passed","summary":""},{"assertionResults":[{"ancestorTitles":["Topbar"],"duration":6,"failing":false,"failureDetails":[],"failureMessages":[],"fullName":"Topbar renders the brand area and admin profile marker","invocations":1,"location":null,"numPassingAsserts":3,"retryReasons":[],"startAt":1785930745946,"status":"passed","title":"renders the brand area and admin profile marker"}],"endTime":1785930745953,"message":"","name":"C:\\Users\\manve\\OneDrive\\Desktop\\tarakki\\tarakki-react\\src\\components\\Topbar.test.tsx","startTime":1785930745810,"status":"passed","summary":""},{"assertionResults":[{"ancestorTitles":["OrganizationService","createOrganization"],"duration":1,"failing":false,"failureDetails":[],"failureMessages":[],"fullName":"OrganizationService createOrganization successfully creates an organization","invocations":1,"location":null,"numPassingAsserts":2,"retryReasons":[],"startAt":1785930746086,"status":"passed","title":"successfully creates an organization"},{"ancestorTitles":["OrganizationService","createOrganization"],"duration":2,"failing":false,"failureDetails":[],"failureMessages":[],"fullName":"OrganizationService createOrganization throws an error with message from axios response on failure","invocations":1,"location":null,"numPassingAsserts":1,"retryReasons":[],"startAt":1785930746087,"status":"passed","title":"throws an error with message from axios response on failure"},{"ancestorTitles":["OrganizationService","createOrganization"],"duration":0,"failing":false,"failureDetails":[],"failureMessages":[],"fullName":"OrganizationService createOrganization throws a default error message when axios response has no message","invocations":1,"location":null,"numPassingAsserts":1,"retryReasons":[],"startAt":1785930746090,"status":"passed","title":"throws a default error message when axios response has no message"},{"ancestorTitles":["OrganizationService","createOrganization"],"duration":1,"failing":false,"failureDetails":[],"failureMessages":[],"fullName":"OrganizationService createOrganization throws a default error message for non-axios errors","invocations":1,"location":null,"numPassingAsserts":1,"retryReasons":[],"startAt":1785930746090,"status":"passed","title":"throws a default error message for non-axios errors"}],"endTime":1785930746091,"message":"","name":"C:\\Users\\manve\\OneDrive\\Desktop\\tarakki\\tarakki-react\\src\\services\\OrganizationServices.test.ts","startTime":1785930745960,"status":"passed","summary":""},{"assertionResults":[{"ancestorTitles":["MemberServices","createMember"],"duration":11,"failing":false,"failureDetails":[],"failureMessages":[],"fullName":"MemberServices createMember successfully creates a member","invocations":1,"location":null,"numPassingAsserts":2,"retryReasons":[],"startAt":1785930746212,"status":"passed","title":"successfully creates a member"},{"ancestorTitles":["MemberServices","createMember"],"duration":6,"failing":false,"failureDetails":[],"failureMessages":[],"fullName":"MemberServices createMember throws an error with message from response on failure","invocations":1,"location":null,"numPassingAsserts":1,"retryReasons":[],"startAt":1785930746223,"status":"passed","title":"throws an error with message from response on failure"},{"ancestorTitles":["MemberServices","createMember"],"duration":0,"failing":false,"failureDetails":[],"failureMessages":[],"fullName":"MemberServices createMember throws a default error message on failure if no message in response","invocations":1,"location":null,"numPassingAsserts":1,"retryReasons":[],"startAt":1785930746229,"status":"passed","title":"throws a default error message on failure if no message in response"},{"ancestorTitles":["MemberServices","getMemberById"],"duration":1,"failing":false,"failureDetails":[],"failureMessages":[],"fullName":"MemberServices getMemberById successfully fetches a member by ID","invocations":1,"location":null,"numPassingAsserts":2,"retryReasons":[],"startAt":1785930746229,"status":"passed","title":"successfully fetches a member by ID"},{"ancestorTitles":["MemberServices","getMemberById"],"duration":0,"failing":false,"failureDetails":[],"failureMessages":[],"fullName":"MemberServices getMemberById throws an error with message from response on failure","invocations":1,"location":null,"numPassingAsserts":1,"retryReasons":[],"startAt":1785930746230,"status":"passed","title":"throws an error with message from response on failure"},{"ancestorTitles":["MemberServices","getMemberById"],"duration":0,"failing":false,"failureDetails":[],"failureMessages":[],"fullName":"MemberServices getMemberById throws a default error message on failure if no message in response","invocations":1,"location":null,"numPassingAsserts":1,"retryReasons":[],"startAt":1785930746230,"status":"passed","title":"throws a default error message on failure if no message in response"},{"ancestorTitles":["MemberServices","getMemberByEmail"],"duration":1,"failing":false,"failureDetails":[],"failureMessages":[],"fullName":"MemberServices getMemberByEmail successfully fetches a member by email","invocations":1,"location":null,"numPassingAsserts":2,"retryReasons":[],"startAt":1785930746230,"status":"passed","title":"successfully fetches a member by email"},{"ancestorTitles":["MemberServices","getMemberByEmail"],"duration":0,"failing":false,"failureDetails":[],"failureMessages":[],"fullName":"MemberServices getMemberByEmail throws an error with message from response on failure","invocations":1,"location":null,"numPassingAsserts":1,"retryReasons":[],"startAt":1785930746231,"status":"passed","title":"throws an error with message from response on failure"}],"endTime":1785930746231,"message":"","name":"C:\\Users\\manve\\OneDrive\\Desktop\\tarakki\\tarakki-react\\src\\services\\MemberServices.test.ts","startTime":1785930746098,"status":"passed","summary":""},{"assertionResults":[{"ancestorTitles":["LoadingScreen"],"duration":3,"failing":false,"failureDetails":[],"failureMessages":[],"fullName":"LoadingScreen renders loading message","invocations":1,"location":null,"numPassingAsserts":1,"retryReasons":[],"startAt":1785930746369,"status":"passed","title":"renders loading message"}],"endTime":1785930746372,"message":"","name":"C:\\Users\\manve\\OneDrive\\Desktop\\tarakki\\tarakki-react\\src\\components\\LoadingScreen.test.tsx","startTime":1785930746236,"status":"passed","summary":""},{"assertionResults":[{"ancestorTitles":["ErrorScreen"],"duration":3,"failing":false,"failureDetails":[],"failureMessages":[],"fullName":"ErrorScreen renders error message","invocations":1,"location":null,"numPassingAsserts":1,"retryReasons":[],"startAt":1785930746520,"status":"passed","title":"renders error message"}],"endTime":1785930746524,"message":"","name":"C:\\Users\\manve\\OneDrive\\Desktop\\tarakki\\tarakki-react\\src\\components\\ErrorScreen.test.tsx","startTime":1785930746389,"status":"passed","summary":""},{"assertionResults":[{"ancestorTitles":["BrandBadge"],"duration":6,"failing":false,"failureDetails":[],"failureMessages":[],"fullName":"BrandBadge renders the Tarakki logo and text","invocations":1,"location":null,"numPassingAsserts":2,"retryReasons":[],"startAt":1785930746671,"status":"passed","title":"renders the Tarakki logo and text"}],"endTime":1785930746678,"message":"","name":"C:\\Users\\manve\\OneDrive\\Desktop\\tarakki\\tarakki-react\\src\\components\\BrandBadge.test.tsx","startTime":1785930746541,"status":"passed","summary":""},{"assertionResults":[{"ancestorTitles":["BoardService","createBoard"],"duration":0,"failing":false,"failureDetails":[],"failureMessages":[],"fullName":"BoardService createBoard successfully creates a board","invocations":1,"location":null,"numPassingAsserts":2,"retryReasons":[],"startAt":1785930746802,"status":"passed","title":"successfully creates a board"},{"ancestorTitles":["BoardService","createBoard"],"duration":2,"failing":false,"failureDetails":[],"failureMessages":[],"fullName":"BoardService createBoard throws an error with message from response on failure","invocations":1,"location":null,"numPassingAsserts":1,"retryReasons":[],"startAt":1785930746802,"status":"passed","title":"throws an error with message from response on failure"},{"ancestorTitles":["BoardService","createBoard"],"duration":0,"failing":false,"failureDetails":[],"failureMessages":[],"fullName":"BoardService createBoard throws a default error message on failure if no message in response","invocations":1,"location":null,"numPassingAsserts":1,"retryReasons":[],"startAt":1785930746804,"status":"passed","title":"throws a default error message on failure if no message in response"}],"endTime":1785930746805,"message":"","name":"C:\\Users\\manve\\OneDrive\\Desktop\\tarakki\\tarakki-react\\src\\services\\BoardService.test.ts","startTime":1785930746694,"status":"passed","summary":""}],"wasInterrupted":false}
